Linked: (/home/swastik/catkin_ws/devel/.private/cse571_project/lib/python2.7/dist-packages/cse571_project/__init__.py, /home/swastik/catkin_ws/devel/lib/python2.7/dist-packages/cse571_project/__init__.py)
Linked: (/home/swastik/catkin_ws/devel/.private/cse571_project/lib/python2.7/dist-packages/cse571_project/srv/_IsTerminalState.py, /home/swastik/catkin_ws/devel/lib/python2.7/dist-packages/cse571_project/srv/_IsTerminalState.py)
Linked: (/home/swastik/catkin_ws/devel/.private/cse571_project/lib/python2.7/dist-packages/cse571_project/srv/_GetPossibleActions.py, /home/swastik/catkin_ws/devel/lib/python2.7/dist-packages/cse571_project/srv/_GetPossibleActions.py)
Linked: (/home/swastik/catkin_ws/devel/.private/cse571_project/lib/python2.7/dist-packages/cse571_project/srv/_ActionMsg.py, /home/swastik/catkin_ws/devel/lib/python2.7/dist-packages/cse571_project/srv/_ActionMsg.py)
Linked: (/home/swastik/catkin_ws/devel/.private/cse571_project/lib/python2.7/dist-packages/cse571_project/srv/_GetInitialState.py, /home/swastik/catkin_ws/devel/lib/python2.7/dist-packages/cse571_project/srv/_GetInitialState.py)
Linked: (/home/swastik/catkin_ws/devel/.private/cse571_project/lib/python2.7/dist-packages/cse571_project/srv/_GetActions.py, /home/swastik/catkin_ws/devel/lib/python2.7/dist-packages/cse571_project/srv/_GetActions.py)
Linked: (/home/swastik/catkin_ws/devel/.private/cse571_project/lib/python2.7/dist-packages/cse571_project/srv/_RemoveBlockedEdgeMsg.py, /home/swastik/catkin_ws/devel/lib/python2.7/dist-packages/cse571_project/srv/_RemoveBlockedEdgeMsg.py)
Linked: (/home/swastik/catkin_ws/devel/.private/cse571_project/lib/python2.7/dist-packages/cse571_project/srv/_CheckEdge.py, /home/swastik/catkin_ws/devel/lib/python2.7/dist-packages/cse571_project/srv/_CheckEdge.py)
Linked: (/home/swastik/catkin_ws/devel/.private/cse571_project/lib/python2.7/dist-packages/cse571_project/srv/_ResetWorldMsg.py, /home/swastik/catkin_ws/devel/lib/python2.7/dist-packages/cse571_project/srv/_ResetWorldMsg.py)
Linked: (/home/swastik/catkin_ws/devel/.private/cse571_project/lib/python2.7/dist-packages/cse571_project/srv/_GetPossibleStates.py, /home/swastik/catkin_ws/devel/lib/python2.7/dist-packages/cse571_project/srv/_GetPossibleStates.py)
Linked: (/home/swastik/catkin_ws/devel/.private/cse571_project/lib/python2.7/dist-packages/cse571_project/srv/__init__.py, /home/swastik/catkin_ws/devel/lib/python2.7/dist-packages/cse571_project/srv/__init__.py)
Linked: (/home/swastik/catkin_ws/devel/.private/cse571_project/lib/python2.7/dist-packages/cse571_project/srv/_GetReward.py, /home/swastik/catkin_ws/devel/lib/python2.7/dist-packages/cse571_project/srv/_GetReward.py)
Linked: (/home/swastik/catkin_ws/devel/.private/cse571_project/lib/pkgconfig/cse571_project.pc, /home/swastik/catkin_ws/devel/lib/pkgconfig/cse571_project.pc)
Linked: (/home/swastik/catkin_ws/devel/.private/cse571_project/include/cse571_project/GetActionsRequest.h, /home/swastik/catkin_ws/devel/include/cse571_project/GetActionsRequest.h)
Linked: (/home/swastik/catkin_ws/devel/.private/cse571_project/include/cse571_project/GetReward.h, /home/swastik/catkin_ws/devel/include/cse571_project/GetReward.h)
Linked: (/home/swastik/catkin_ws/devel/.private/cse571_project/include/cse571_project/GetPossibleStates.h, /home/swastik/catkin_ws/devel/include/cse571_project/GetPossibleStates.h)
Linked: (/home/swastik/catkin_ws/devel/.private/cse571_project/include/cse571_project/ActionMsg.h, /home/swastik/catkin_ws/devel/include/cse571_project/ActionMsg.h)
Linked: (/home/swastik/catkin_ws/devel/.private/cse571_project/include/cse571_project/GetInitialStateResponse.h, /home/swastik/catkin_ws/devel/include/cse571_project/GetInitialStateResponse.h)
Linked: (/home/swastik/catkin_ws/devel/.private/cse571_project/include/cse571_project/GetPossibleStatesRequest.h, /home/swastik/catkin_ws/devel/include/cse571_project/GetPossibleStatesRequest.h)
Linked: (/home/swastik/catkin_ws/devel/.private/cse571_project/include/cse571_project/CheckEdgeResponse.h, /home/swastik/catkin_ws/devel/include/cse571_project/CheckEdgeResponse.h)
Linked: (/home/swastik/catkin_ws/devel/.private/cse571_project/include/cse571_project/ResetWorldMsgResponse.h, /home/swastik/catkin_ws/devel/include/cse571_project/ResetWorldMsgResponse.h)
Linked: (/home/swastik/catkin_ws/devel/.private/cse571_project/include/cse571_project/CheckEdgeRequest.h, /home/swastik/catkin_ws/devel/include/cse571_project/CheckEdgeRequest.h)
Linked: (/home/swastik/catkin_ws/devel/.private/cse571_project/include/cse571_project/IsTerminalStateResponse.h, /home/swastik/catkin_ws/devel/include/cse571_project/IsTerminalStateResponse.h)
Linked: (/home/swastik/catkin_ws/devel/.private/cse571_project/include/cse571_project/ResetWorldMsgRequest.h, /home/swastik/catkin_ws/devel/include/cse571_project/ResetWorldMsgRequest.h)
Linked: (/home/swastik/catkin_ws/devel/.private/cse571_project/include/cse571_project/RemoveBlockedEdgeMsgRequest.h, /home/swastik/catkin_ws/devel/include/cse571_project/RemoveBlockedEdgeMsgRequest.h)
Linked: (/home/swastik/catkin_ws/devel/.private/cse571_project/include/cse571_project/ResetWorldMsg.h, /home/swastik/catkin_ws/devel/include/cse571_project/ResetWorldMsg.h)
Linked: (/home/swastik/catkin_ws/devel/.private/cse571_project/include/cse571_project/ActionMsgRequest.h, /home/swastik/catkin_ws/devel/include/cse571_project/ActionMsgRequest.h)
Linked: (/home/swastik/catkin_ws/devel/.private/cse571_project/include/cse571_project/CheckEdge.h, /home/swastik/catkin_ws/devel/include/cse571_project/CheckEdge.h)
Linked: (/home/swastik/catkin_ws/devel/.private/cse571_project/include/cse571_project/GetActionsResponse.h, /home/swastik/catkin_ws/devel/include/cse571_project/GetActionsResponse.h)
Linked: (/home/swastik/catkin_ws/devel/.private/cse571_project/include/cse571_project/GetInitialState.h, /home/swastik/catkin_ws/devel/include/cse571_project/GetInitialState.h)
Linked: (/home/swastik/catkin_ws/devel/.private/cse571_project/include/cse571_project/RemoveBlockedEdgeMsg.h, /home/swastik/catkin_ws/devel/include/cse571_project/RemoveBlockedEdgeMsg.h)
Linked: (/home/swastik/catkin_ws/devel/.private/cse571_project/include/cse571_project/IsTerminalState.h, /home/swastik/catkin_ws/devel/include/cse571_project/IsTerminalState.h)
Linked: (/home/swastik/catkin_ws/devel/.private/cse571_project/include/cse571_project/GetActions.h, /home/swastik/catkin_ws/devel/include/cse571_project/GetActions.h)
Linked: (/home/swastik/catkin_ws/devel/.private/cse571_project/include/cse571_project/RemoveBlockedEdgeMsgResponse.h, /home/swastik/catkin_ws/devel/include/cse571_project/RemoveBlockedEdgeMsgResponse.h)
Linked: (/home/swastik/catkin_ws/devel/.private/cse571_project/include/cse571_project/ActionMsgResponse.h, /home/swastik/catkin_ws/devel/include/cse571_project/ActionMsgResponse.h)
Linked: (/home/swastik/catkin_ws/devel/.private/cse571_project/include/cse571_project/GetPossibleActions.h, /home/swastik/catkin_ws/devel/include/cse571_project/GetPossibleActions.h)
Linked: (/home/swastik/catkin_ws/devel/.private/cse571_project/include/cse571_project/GetRewardRequest.h, /home/swastik/catkin_ws/devel/include/cse571_project/GetRewardRequest.h)
Linked: (/home/swastik/catkin_ws/devel/.private/cse571_project/include/cse571_project/GetPossibleStatesResponse.h, /home/swastik/catkin_ws/devel/include/cse571_project/GetPossibleStatesResponse.h)
Linked: (/home/swastik/catkin_ws/devel/.private/cse571_project/include/cse571_project/GetRewardResponse.h, /home/swastik/catkin_ws/devel/include/cse571_project/GetRewardResponse.h)
Linked: (/home/swastik/catkin_ws/devel/.private/cse571_project/include/cse571_project/GetInitialStateRequest.h, /home/swastik/catkin_ws/devel/include/cse571_project/GetInitialStateRequest.h)
Linked: (/home/swastik/catkin_ws/devel/.private/cse571_project/include/cse571_project/IsTerminalStateRequest.h, /home/swastik/catkin_ws/devel/include/cse571_project/IsTerminalStateRequest.h)
Linked: (/home/swastik/catkin_ws/devel/.private/cse571_project/include/cse571_project/GetPossibleActionsResponse.h, /home/swastik/catkin_ws/devel/include/cse571_project/GetPossibleActionsResponse.h)
Linked: (/home/swastik/catkin_ws/devel/.private/cse571_project/include/cse571_project/GetPossibleActionsRequest.h, /home/swastik/catkin_ws/devel/include/cse571_project/GetPossibleActionsRequest.h)
Linked: (/home/swastik/catkin_ws/devel/.private/cse571_project/share/roseus/ros/cse571_project/manifest.l, /home/swastik/catkin_ws/devel/share/roseus/ros/cse571_project/manifest.l)
Linked: (/home/swastik/catkin_ws/devel/.private/cse571_project/share/roseus/ros/cse571_project/srv/ActionMsg.l, /home/swastik/catkin_ws/devel/share/roseus/ros/cse571_project/srv/ActionMsg.l)
Linked: (/home/swastik/catkin_ws/devel/.private/cse571_project/share/roseus/ros/cse571_project/srv/GetActions.l, /home/swastik/catkin_ws/devel/share/roseus/ros/cse571_project/srv/GetActions.l)
Linked: (/home/swastik/catkin_ws/devel/.private/cse571_project/share/roseus/ros/cse571_project/srv/GetInitialState.l, /home/swastik/catkin_ws/devel/share/roseus/ros/cse571_project/srv/GetInitialState.l)
Linked: (/home/swastik/catkin_ws/devel/.private/cse571_project/share/roseus/ros/cse571_project/srv/CheckEdge.l, /home/swastik/catkin_ws/devel/share/roseus/ros/cse571_project/srv/CheckEdge.l)
Linked: (/home/swastik/catkin_ws/devel/.private/cse571_project/share/roseus/ros/cse571_project/srv/GetReward.l, /home/swastik/catkin_ws/devel/share/roseus/ros/cse571_project/srv/GetReward.l)
Linked: (/home/swastik/catkin_ws/devel/.private/cse571_project/share/roseus/ros/cse571_project/srv/IsTerminalState.l, /home/swastik/catkin_ws/devel/share/roseus/ros/cse571_project/srv/IsTerminalState.l)
Linked: (/home/swastik/catkin_ws/devel/.private/cse571_project/share/roseus/ros/cse571_project/srv/GetPossibleActions.l, /home/swastik/catkin_ws/devel/share/roseus/ros/cse571_project/srv/GetPossibleActions.l)
Linked: (/home/swastik/catkin_ws/devel/.private/cse571_project/share/roseus/ros/cse571_project/srv/ResetWorldMsg.l, /home/swastik/catkin_ws/devel/share/roseus/ros/cse571_project/srv/ResetWorldMsg.l)
Linked: (/home/swastik/catkin_ws/devel/.private/cse571_project/share/roseus/ros/cse571_project/srv/GetPossibleStates.l, /home/swastik/catkin_ws/devel/share/roseus/ros/cse571_project/srv/GetPossibleStates.l)
Linked: (/home/swastik/catkin_ws/devel/.private/cse571_project/share/roseus/ros/cse571_project/srv/RemoveBlockedEdgeMsg.l, /home/swastik/catkin_ws/devel/share/roseus/ros/cse571_project/srv/RemoveBlockedEdgeMsg.l)
Linked: (/home/swastik/catkin_ws/devel/.private/cse571_project/share/gennodejs/ros/cse571_project/_index.js, /home/swastik/catkin_ws/devel/share/gennodejs/ros/cse571_project/_index.js)
Linked: (/home/swastik/catkin_ws/devel/.private/cse571_project/share/gennodejs/ros/cse571_project/srv/GetInitialState.js, /home/swastik/catkin_ws/devel/share/gennodejs/ros/cse571_project/srv/GetInitialState.js)
Linked: (/home/swastik/catkin_ws/devel/.private/cse571_project/share/gennodejs/ros/cse571_project/srv/GetReward.js, /home/swastik/catkin_ws/devel/share/gennodejs/ros/cse571_project/srv/GetReward.js)
Linked: (/home/swastik/catkin_ws/devel/.private/cse571_project/share/gennodejs/ros/cse571_project/srv/GetPossibleStates.js, /home/swastik/catkin_ws/devel/share/gennodejs/ros/cse571_project/srv/GetPossibleStates.js)
Linked: (/home/swastik/catkin_ws/devel/.private/cse571_project/share/gennodejs/ros/cse571_project/srv/RemoveBlockedEdgeMsg.js, /home/swastik/catkin_ws/devel/share/gennodejs/ros/cse571_project/srv/RemoveBlockedEdgeMsg.js)
Linked: (/home/swastik/catkin_ws/devel/.private/cse571_project/share/gennodejs/ros/cse571_project/srv/ResetWorldMsg.js, /home/swastik/catkin_ws/devel/share/gennodejs/ros/cse571_project/srv/ResetWorldMsg.js)
Linked: (/home/swastik/catkin_ws/devel/.private/cse571_project/share/gennodejs/ros/cse571_project/srv/_index.js, /home/swastik/catkin_ws/devel/share/gennodejs/ros/cse571_project/srv/_index.js)
Linked: (/home/swastik/catkin_ws/devel/.private/cse571_project/share/gennodejs/ros/cse571_project/srv/IsTerminalState.js, /home/swastik/catkin_ws/devel/share/gennodejs/ros/cse571_project/srv/IsTerminalState.js)
Linked: (/home/swastik/catkin_ws/devel/.private/cse571_project/share/gennodejs/ros/cse571_project/srv/GetPossibleActions.js, /home/swastik/catkin_ws/devel/share/gennodejs/ros/cse571_project/srv/GetPossibleActions.js)
Linked: (/home/swastik/catkin_ws/devel/.private/cse571_project/share/gennodejs/ros/cse571_project/srv/GetActions.js, /home/swastik/catkin_ws/devel/share/gennodejs/ros/cse571_project/srv/GetActions.js)
Linked: (/home/swastik/catkin_ws/devel/.private/cse571_project/share/gennodejs/ros/cse571_project/srv/CheckEdge.js, /home/swastik/catkin_ws/devel/share/gennodejs/ros/cse571_project/srv/CheckEdge.js)
Linked: (/home/swastik/catkin_ws/devel/.private/cse571_project/share/gennodejs/ros/cse571_project/srv/ActionMsg.js, /home/swastik/catkin_ws/devel/share/gennodejs/ros/cse571_project/srv/ActionMsg.js)
Linked: (/home/swastik/catkin_ws/devel/.private/cse571_project/share/cse571_project/cmake/cse571_projectConfig-version.cmake, /home/swastik/catkin_ws/devel/share/cse571_project/cmake/cse571_projectConfig-version.cmake)
Linked: (/home/swastik/catkin_ws/devel/.private/cse571_project/share/cse571_project/cmake/cse571_project-msg-paths.cmake, /home/swastik/catkin_ws/devel/share/cse571_project/cmake/cse571_project-msg-paths.cmake)
Linked: (/home/swastik/catkin_ws/devel/.private/cse571_project/share/cse571_project/cmake/cse571_projectConfig.cmake, /home/swastik/catkin_ws/devel/share/cse571_project/cmake/cse571_projectConfig.cmake)
Linked: (/home/swastik/catkin_ws/devel/.private/cse571_project/share/cse571_project/cmake/cse571_project-msg-extras.cmake, /home/swastik/catkin_ws/devel/share/cse571_project/cmake/cse571_project-msg-extras.cmake)
Linked: (/home/swastik/catkin_ws/devel/.private/cse571_project/share/common-lisp/ros/cse571_project/srv/_package_GetInitialState.lisp, /home/swastik/catkin_ws/devel/share/common-lisp/ros/cse571_project/srv/_package_GetInitialState.lisp)
Linked: (/home/swastik/catkin_ws/devel/.private/cse571_project/share/common-lisp/ros/cse571_project/srv/_package_GetPossibleActions.lisp, /home/swastik/catkin_ws/devel/share/common-lisp/ros/cse571_project/srv/_package_GetPossibleActions.lisp)
Linked: (/home/swastik/catkin_ws/devel/.private/cse571_project/share/common-lisp/ros/cse571_project/srv/IsTerminalState.lisp, /home/swastik/catkin_ws/devel/share/common-lisp/ros/cse571_project/srv/IsTerminalState.lisp)
Linked: (/home/swastik/catkin_ws/devel/.private/cse571_project/share/common-lisp/ros/cse571_project/srv/cse571_project-srv.asd, /home/swastik/catkin_ws/devel/share/common-lisp/ros/cse571_project/srv/cse571_project-srv.asd)
Linked: (/home/swastik/catkin_ws/devel/.private/cse571_project/share/common-lisp/ros/cse571_project/srv/ActionMsg.lisp, /home/swastik/catkin_ws/devel/share/common-lisp/ros/cse571_project/srv/ActionMsg.lisp)
Linked: (/home/swastik/catkin_ws/devel/.private/cse571_project/share/common-lisp/ros/cse571_project/srv/_package_CheckEdge.lisp, /home/swastik/catkin_ws/devel/share/common-lisp/ros/cse571_project/srv/_package_CheckEdge.lisp)
Linked: (/home/swastik/catkin_ws/devel/.private/cse571_project/share/common-lisp/ros/cse571_project/srv/_package_RemoveBlockedEdgeMsg.lisp, /home/swastik/catkin_ws/devel/share/common-lisp/ros/cse571_project/srv/_package_RemoveBlockedEdgeMsg.lisp)
Linked: (/home/swastik/catkin_ws/devel/.private/cse571_project/share/common-lisp/ros/cse571_project/srv/_package_GetReward.lisp, /home/swastik/catkin_ws/devel/share/common-lisp/ros/cse571_project/srv/_package_GetReward.lisp)
Linked: (/home/swastik/catkin_ws/devel/.private/cse571_project/share/common-lisp/ros/cse571_project/srv/_package_ActionMsg.lisp, /home/swastik/catkin_ws/devel/share/common-lisp/ros/cse571_project/srv/_package_ActionMsg.lisp)
Linked: (/home/swastik/catkin_ws/devel/.private/cse571_project/share/common-lisp/ros/cse571_project/srv/GetPossibleActions.lisp, /home/swastik/catkin_ws/devel/share/common-lisp/ros/cse571_project/srv/GetPossibleActions.lisp)
Linked: (/home/swastik/catkin_ws/devel/.private/cse571_project/share/common-lisp/ros/cse571_project/srv/GetInitialState.lisp, /home/swastik/catkin_ws/devel/share/common-lisp/ros/cse571_project/srv/GetInitialState.lisp)
Linked: (/home/swastik/catkin_ws/devel/.private/cse571_project/share/common-lisp/ros/cse571_project/srv/GetActions.lisp, /home/swastik/catkin_ws/devel/share/common-lisp/ros/cse571_project/srv/GetActions.lisp)
Linked: (/home/swastik/catkin_ws/devel/.private/cse571_project/share/common-lisp/ros/cse571_project/srv/GetPossibleStates.lisp, /home/swastik/catkin_ws/devel/share/common-lisp/ros/cse571_project/srv/GetPossibleStates.lisp)
Linked: (/home/swastik/catkin_ws/devel/.private/cse571_project/share/common-lisp/ros/cse571_project/srv/ResetWorldMsg.lisp, /home/swastik/catkin_ws/devel/share/common-lisp/ros/cse571_project/srv/ResetWorldMsg.lisp)
Linked: (/home/swastik/catkin_ws/devel/.private/cse571_project/share/common-lisp/ros/cse571_project/srv/CheckEdge.lisp, /home/swastik/catkin_ws/devel/share/common-lisp/ros/cse571_project/srv/CheckEdge.lisp)
Linked: (/home/swastik/catkin_ws/devel/.private/cse571_project/share/common-lisp/ros/cse571_project/srv/_package_GetPossibleStates.lisp, /home/swastik/catkin_ws/devel/share/common-lisp/ros/cse571_project/srv/_package_GetPossibleStates.lisp)
Linked: (/home/swastik/catkin_ws/devel/.private/cse571_project/share/common-lisp/ros/cse571_project/srv/_package_IsTerminalState.lisp, /home/swastik/catkin_ws/devel/share/common-lisp/ros/cse571_project/srv/_package_IsTerminalState.lisp)
Linked: (/home/swastik/catkin_ws/devel/.private/cse571_project/share/common-lisp/ros/cse571_project/srv/GetReward.lisp, /home/swastik/catkin_ws/devel/share/common-lisp/ros/cse571_project/srv/GetReward.lisp)
Linked: (/home/swastik/catkin_ws/devel/.private/cse571_project/share/common-lisp/ros/cse571_project/srv/_package_ResetWorldMsg.lisp, /home/swastik/catkin_ws/devel/share/common-lisp/ros/cse571_project/srv/_package_ResetWorldMsg.lisp)
Linked: (/home/swastik/catkin_ws/devel/.private/cse571_project/share/common-lisp/ros/cse571_project/srv/RemoveBlockedEdgeMsg.lisp, /home/swastik/catkin_ws/devel/share/common-lisp/ros/cse571_project/srv/RemoveBlockedEdgeMsg.lisp)
Linked: (/home/swastik/catkin_ws/devel/.private/cse571_project/share/common-lisp/ros/cse571_project/srv/_package.lisp, /home/swastik/catkin_ws/devel/share/common-lisp/ros/cse571_project/srv/_package.lisp)
Linked: (/home/swastik/catkin_ws/devel/.private/cse571_project/share/common-lisp/ros/cse571_project/srv/_package_GetActions.lisp, /home/swastik/catkin_ws/devel/share/common-lisp/ros/cse571_project/srv/_package_GetActions.lisp)
