Determining if the pthread_create exist failed with the following output:
Change Dir: /home/swastik/catkin_ws/build/mavros_extras/CMakeFiles/CMakeTmp

Run Build Command:"/usr/bin/make" "cmTC_5922d/fast"
/usr/bin/make -f CMakeFiles/cmTC_5922d.dir/build.make CMakeFiles/cmTC_5922d.dir/build
make[1]: Entering directory '/home/swastik/catkin_ws/build/mavros_extras/CMakeFiles/CMakeTmp'
Building C object CMakeFiles/cmTC_5922d.dir/CheckSymbolExists.c.o
/usr/bin/cc     -o CMakeFiles/cmTC_5922d.dir/CheckSymbolExists.c.o   -c /home/swastik/catkin_ws/build/mavros_extras/CMakeFiles/CMakeTmp/CheckSymbolExists.c
Linking C executable cmTC_5922d
/usr/bin/cmake -E cmake_link_script CMakeFiles/cmTC_5922d.dir/link.txt --verbose=1
/usr/bin/cc       CMakeFiles/cmTC_5922d.dir/CheckSymbolExists.c.o  -o cmTC_5922d -rdynamic 
CMakeFiles/cmTC_5922d.dir/CheckSymbolExists.c.o: In function `main':
CheckSymbolExists.c:(.text+0x16): undefined reference to `pthread_create'
collect2: error: ld returned 1 exit status
CMakeFiles/cmTC_5922d.dir/build.make:97: recipe for target 'cmTC_5922d' failed
make[1]: *** [cmTC_5922d] Error 1
make[1]: Leaving directory '/home/swastik/catkin_ws/build/mavros_extras/CMakeFiles/CMakeTmp'
Makefile:126: recipe for target 'cmTC_5922d/fast' failed
make: *** [cmTC_5922d/fast] Error 2

File /home/swastik/catkin_ws/build/mavros_extras/CMakeFiles/CMakeTmp/CheckSymbolExists.c:
/* */
#include <pthread.h>

int main(int argc, char** argv)
{
  (void)argv;
#ifndef pthread_create
  return ((int*)(&pthread_create))[argc];
#else
  (void)argc;
  return 0;
#endif
}

Determining if the function pthread_create exists in the pthreads failed with the following output:
Change Dir: /home/swastik/catkin_ws/build/mavros_extras/CMakeFiles/CMakeTmp

Run Build Command:"/usr/bin/make" "cmTC_139cc/fast"
/usr/bin/make -f CMakeFiles/cmTC_139cc.dir/build.make CMakeFiles/cmTC_139cc.dir/build
make[1]: Entering directory '/home/swastik/catkin_ws/build/mavros_extras/CMakeFiles/CMakeTmp'
Building C object CMakeFiles/cmTC_139cc.dir/CheckFunctionExists.c.o
/usr/bin/cc    -DCHECK_FUNCTION_EXISTS=pthread_create   -o CMakeFiles/cmTC_139cc.dir/CheckFunctionExists.c.o   -c /usr/share/cmake-3.5/Modules/CheckFunctionExists.c
Linking C executable cmTC_139cc
/usr/bin/cmake -E cmake_link_script CMakeFiles/cmTC_139cc.dir/link.txt --verbose=1
/usr/bin/cc   -DCHECK_FUNCTION_EXISTS=pthread_create    CMakeFiles/cmTC_139cc.dir/CheckFunctionExists.c.o  -o cmTC_139cc -rdynamic -lpthreads 
/usr/bin/ld: cannot find -lpthreads
collect2: error: ld returned 1 exit status
CMakeFiles/cmTC_139cc.dir/build.make:97: recipe for target 'cmTC_139cc' failed
make[1]: *** [cmTC_139cc] Error 1
make[1]: Leaving directory '/home/swastik/catkin_ws/build/mavros_extras/CMakeFiles/CMakeTmp'
Makefile:126: recipe for target 'cmTC_139cc/fast' failed
make: *** [cmTC_139cc/fast] Error 2


