Determining if the pthread_create exist failed with the following output:
Change Dir: /home/swastik/catkin_ws/build/mavlink_sitl_gazebo/CMakeFiles/CMakeTmp

Run Build Command:"/usr/bin/make" "cmTC_1b2b2/fast"
/usr/bin/make -f CMakeFiles/cmTC_1b2b2.dir/build.make CMakeFiles/cmTC_1b2b2.dir/build
make[1]: Entering directory '/home/swastik/catkin_ws/build/mavlink_sitl_gazebo/CMakeFiles/CMakeTmp'
Building C object CMakeFiles/cmTC_1b2b2.dir/CheckSymbolExists.c.o
/usr/bin/cc     -o CMakeFiles/cmTC_1b2b2.dir/CheckSymbolExists.c.o   -c /home/swastik/catkin_ws/build/mavlink_sitl_gazebo/CMakeFiles/CMakeTmp/CheckSymbolExists.c
Linking C executable cmTC_1b2b2
/usr/bin/cmake -E cmake_link_script CMakeFiles/cmTC_1b2b2.dir/link.txt --verbose=1
/usr/bin/cc       CMakeFiles/cmTC_1b2b2.dir/CheckSymbolExists.c.o  -o cmTC_1b2b2 -rdynamic 
CMakeFiles/cmTC_1b2b2.dir/CheckSymbolExists.c.o: In function `main':
CheckSymbolExists.c:(.text+0x16): undefined reference to `pthread_create'
collect2: error: ld returned 1 exit status
CMakeFiles/cmTC_1b2b2.dir/build.make:97: recipe for target 'cmTC_1b2b2' failed
make[1]: *** [cmTC_1b2b2] Error 1
make[1]: Leaving directory '/home/swastik/catkin_ws/build/mavlink_sitl_gazebo/CMakeFiles/CMakeTmp'
Makefile:126: recipe for target 'cmTC_1b2b2/fast' failed
make: *** [cmTC_1b2b2/fast] Error 2

File /home/swastik/catkin_ws/build/mavlink_sitl_gazebo/CMakeFiles/CMakeTmp/CheckSymbolExists.c:
/* */
#include <pthread.h>

int main(int argc, char** argv)
{
  (void)argv;
#ifndef pthread_create
  return ((int*)(&pthread_create))[argc];
#else
  (void)argc;
  return 0;
#endif
}

Determining if the function pthread_create exists in the pthreads failed with the following output:
Change Dir: /home/swastik/catkin_ws/build/mavlink_sitl_gazebo/CMakeFiles/CMakeTmp

Run Build Command:"/usr/bin/make" "cmTC_bf2a5/fast"
/usr/bin/make -f CMakeFiles/cmTC_bf2a5.dir/build.make CMakeFiles/cmTC_bf2a5.dir/build
make[1]: Entering directory '/home/swastik/catkin_ws/build/mavlink_sitl_gazebo/CMakeFiles/CMakeTmp'
Building C object CMakeFiles/cmTC_bf2a5.dir/CheckFunctionExists.c.o
/usr/bin/cc    -DCHECK_FUNCTION_EXISTS=pthread_create   -o CMakeFiles/cmTC_bf2a5.dir/CheckFunctionExists.c.o   -c /usr/share/cmake-3.5/Modules/CheckFunctionExists.c
Linking C executable cmTC_bf2a5
/usr/bin/cmake -E cmake_link_script CMakeFiles/cmTC_bf2a5.dir/link.txt --verbose=1
/usr/bin/cc   -DCHECK_FUNCTION_EXISTS=pthread_create    CMakeFiles/cmTC_bf2a5.dir/CheckFunctionExists.c.o  -o cmTC_bf2a5 -rdynamic -lpthreads 
/usr/bin/ld: cannot find -lpthreads
collect2: error: ld returned 1 exit status
CMakeFiles/cmTC_bf2a5.dir/build.make:97: recipe for target 'cmTC_bf2a5' failed
make[1]: *** [cmTC_bf2a5] Error 1
make[1]: Leaving directory '/home/swastik/catkin_ws/build/mavlink_sitl_gazebo/CMakeFiles/CMakeTmp'
Makefile:126: recipe for target 'cmTC_bf2a5/fast' failed
make: *** [cmTC_bf2a5/fast] Error 2


Determining if the Q_WS_WIN exist failed with the following output:
Change Dir: /home/swastik/catkin_ws/build/mavlink_sitl_gazebo/CMakeFiles/CMakeTmp

Run Build Command:"/usr/bin/make" "cmTC_f665d/fast"
make[1]: Entering directory '/home/swastik/catkin_ws/build/mavlink_sitl_gazebo/CMakeFiles/CMakeTmp'
/usr/bin/make -f CMakeFiles/cmTC_f665d.dir/build.make CMakeFiles/cmTC_f665d.dir/build
make[2]: Entering directory '/home/swastik/catkin_ws/build/mavlink_sitl_gazebo/CMakeFiles/CMakeTmp'
Building CXX object CMakeFiles/cmTC_f665d.dir/CheckSymbolExists.cxx.o
/usr/bin/c++    -I/usr/include/qt4   -o CMakeFiles/cmTC_f665d.dir/CheckSymbolExists.cxx.o -c /home/swastik/catkin_ws/build/mavlink_sitl_gazebo/CMakeFiles/CMakeTmp/CheckSymbolExists.cxx
/home/swastik/catkin_ws/build/mavlink_sitl_gazebo/CMakeFiles/CMakeTmp/CheckSymbolExists.cxx: In function ‘int main(int, char**)’:
/home/swastik/catkin_ws/build/mavlink_sitl_gazebo/CMakeFiles/CMakeTmp/CheckSymbolExists.cxx:8:19: error: ‘Q_WS_WIN’ was not declared in this scope
   return ((int*)(&Q_WS_WIN))[argc];
                   ^
CMakeFiles/cmTC_f665d.dir/build.make:65: recipe for target 'CMakeFiles/cmTC_f665d.dir/CheckSymbolExists.cxx.o' failed
make[2]: *** [CMakeFiles/cmTC_f665d.dir/CheckSymbolExists.cxx.o] Error 1
make[2]: Leaving directory '/home/swastik/catkin_ws/build/mavlink_sitl_gazebo/CMakeFiles/CMakeTmp'
Makefile:126: recipe for target 'cmTC_f665d/fast' failed
make[1]: *** [cmTC_f665d/fast] Error 2
make[1]: Leaving directory '/home/swastik/catkin_ws/build/mavlink_sitl_gazebo/CMakeFiles/CMakeTmp'

File /home/swastik/catkin_ws/build/mavlink_sitl_gazebo/CMakeFiles/CMakeTmp/CheckSymbolExists.cxx:
/* */
#include <QtCore/qglobal.h>

int main(int argc, char** argv)
{
  (void)argv;
#ifndef Q_WS_WIN
  return ((int*)(&Q_WS_WIN))[argc];
#else
  (void)argc;
  return 0;
#endif
}

Determining if the Q_WS_QWS exist failed with the following output:
Change Dir: /home/swastik/catkin_ws/build/mavlink_sitl_gazebo/CMakeFiles/CMakeTmp

Run Build Command:"/usr/bin/make" "cmTC_511cb/fast"
make[1]: Entering directory '/home/swastik/catkin_ws/build/mavlink_sitl_gazebo/CMakeFiles/CMakeTmp'
/usr/bin/make -f CMakeFiles/cmTC_511cb.dir/build.make CMakeFiles/cmTC_511cb.dir/build
make[2]: Entering directory '/home/swastik/catkin_ws/build/mavlink_sitl_gazebo/CMakeFiles/CMakeTmp'
Building CXX object CMakeFiles/cmTC_511cb.dir/CheckSymbolExists.cxx.o
/usr/bin/c++    -I/usr/include/qt4   -o CMakeFiles/cmTC_511cb.dir/CheckSymbolExists.cxx.o -c /home/swastik/catkin_ws/build/mavlink_sitl_gazebo/CMakeFiles/CMakeTmp/CheckSymbolExists.cxx
/home/swastik/catkin_ws/build/mavlink_sitl_gazebo/CMakeFiles/CMakeTmp/CheckSymbolExists.cxx: In function ‘int main(int, char**)’:
/home/swastik/catkin_ws/build/mavlink_sitl_gazebo/CMakeFiles/CMakeTmp/CheckSymbolExists.cxx:8:19: error: ‘Q_WS_QWS’ was not declared in this scope
   return ((int*)(&Q_WS_QWS))[argc];
                   ^
CMakeFiles/cmTC_511cb.dir/build.make:65: recipe for target 'CMakeFiles/cmTC_511cb.dir/CheckSymbolExists.cxx.o' failed
make[2]: *** [CMakeFiles/cmTC_511cb.dir/CheckSymbolExists.cxx.o] Error 1
make[2]: Leaving directory '/home/swastik/catkin_ws/build/mavlink_sitl_gazebo/CMakeFiles/CMakeTmp'
Makefile:126: recipe for target 'cmTC_511cb/fast' failed
make[1]: *** [cmTC_511cb/fast] Error 2
make[1]: Leaving directory '/home/swastik/catkin_ws/build/mavlink_sitl_gazebo/CMakeFiles/CMakeTmp'

File /home/swastik/catkin_ws/build/mavlink_sitl_gazebo/CMakeFiles/CMakeTmp/CheckSymbolExists.cxx:
/* */
#include <QtCore/qglobal.h>

int main(int argc, char** argv)
{
  (void)argv;
#ifndef Q_WS_QWS
  return ((int*)(&Q_WS_QWS))[argc];
#else
  (void)argc;
  return 0;
#endif
}

Determining if the Q_WS_MAC exist failed with the following output:
Change Dir: /home/swastik/catkin_ws/build/mavlink_sitl_gazebo/CMakeFiles/CMakeTmp

Run Build Command:"/usr/bin/make" "cmTC_24df2/fast"
make[1]: Entering directory '/home/swastik/catkin_ws/build/mavlink_sitl_gazebo/CMakeFiles/CMakeTmp'
/usr/bin/make -f CMakeFiles/cmTC_24df2.dir/build.make CMakeFiles/cmTC_24df2.dir/build
make[2]: Entering directory '/home/swastik/catkin_ws/build/mavlink_sitl_gazebo/CMakeFiles/CMakeTmp'
Building CXX object CMakeFiles/cmTC_24df2.dir/CheckSymbolExists.cxx.o
/usr/bin/c++    -I/usr/include/qt4   -o CMakeFiles/cmTC_24df2.dir/CheckSymbolExists.cxx.o -c /home/swastik/catkin_ws/build/mavlink_sitl_gazebo/CMakeFiles/CMakeTmp/CheckSymbolExists.cxx
/home/swastik/catkin_ws/build/mavlink_sitl_gazebo/CMakeFiles/CMakeTmp/CheckSymbolExists.cxx: In function ‘int main(int, char**)’:
/home/swastik/catkin_ws/build/mavlink_sitl_gazebo/CMakeFiles/CMakeTmp/CheckSymbolExists.cxx:8:19: error: ‘Q_WS_MAC’ was not declared in this scope
   return ((int*)(&Q_WS_MAC))[argc];
                   ^
CMakeFiles/cmTC_24df2.dir/build.make:65: recipe for target 'CMakeFiles/cmTC_24df2.dir/CheckSymbolExists.cxx.o' failed
make[2]: *** [CMakeFiles/cmTC_24df2.dir/CheckSymbolExists.cxx.o] Error 1
make[2]: Leaving directory '/home/swastik/catkin_ws/build/mavlink_sitl_gazebo/CMakeFiles/CMakeTmp'
Makefile:126: recipe for target 'cmTC_24df2/fast' failed
make[1]: *** [cmTC_24df2/fast] Error 2
make[1]: Leaving directory '/home/swastik/catkin_ws/build/mavlink_sitl_gazebo/CMakeFiles/CMakeTmp'

File /home/swastik/catkin_ws/build/mavlink_sitl_gazebo/CMakeFiles/CMakeTmp/CheckSymbolExists.cxx:
/* */
#include <QtCore/qglobal.h>

int main(int argc, char** argv)
{
  (void)argv;
#ifndef Q_WS_MAC
  return ((int*)(&Q_WS_MAC))[argc];
#else
  (void)argc;
  return 0;
#endif
}

