[35m[1mScanning dependencies of target mav_msgs[0m
[  2%] [32mBuilding CXX object CMakeFiles/mav_msgs.dir/Float.pb.cc.o[0m
[  5%] [32mBuilding CXX object CMakeFiles/mav_msgs.dir/SensorImu.pb.cc.o[0m
[  8%] [32mBuilding CXX object CMakeFiles/mav_msgs.dir/opticalFlow.pb.cc.o[0m
[ 11%] [32mBuilding CXX object CMakeFiles/mav_msgs.dir/lidar.pb.cc.o[0m
[ 13%] [32mBuilding CXX object CMakeFiles/mav_msgs.dir/CommandMotorSpeed.pb.cc.o[0m
[ 16%] [32mBuilding CXX object CMakeFiles/mav_msgs.dir/MotorSpeed.pb.cc.o[0m
[ 19%] [32m[1mLinking CXX shared library /home/swastik/catkin_ws/devel/.private/mavlink_sitl_gazebo/lib/libmav_msgs.so[0m
[ 36%] Built target mav_msgs
[35m[1mScanning dependencies of target LiftDragPlugin[0m
[35m[1mScanning dependencies of target rotors_gazebo_mavlink_interface[0m
[35m[1mScanning dependencies of target rotors_gazebo_imu_plugin[0m
[ 38%] [32mBuilding CXX object CMakeFiles/LiftDragPlugin.dir/src/liftdrag_plugin/liftdrag_plugin.cpp.o[0m
[ 41%] [32mBuilding CXX object CMakeFiles/rotors_gazebo_mavlink_interface.dir/src/gazebo_mavlink_interface.cpp.o[0m
[ 44%] [32mBuilding CXX object CMakeFiles/rotors_gazebo_imu_plugin.dir/src/gazebo_imu_plugin.cpp.o[0m
[ 47%] [32mBuilding CXX object CMakeFiles/rotors_gazebo_mavlink_interface.dir/src/geo_mag_declination.cpp.o[0m
[35m[1mScanning dependencies of target rotors_gazebo_multirotor_base_plugin[0m
[ 50%] [32mBuilding CXX object CMakeFiles/rotors_gazebo_multirotor_base_plugin.dir/src/gazebo_multirotor_base_plugin.cpp.o[0m
[ 52%] [32m[1mLinking CXX shared library /home/swastik/catkin_ws/devel/.private/mavlink_sitl_gazebo/lib/libLiftDragPlugin.so[0m
[ 52%] Built target LiftDragPlugin
[35m[1mScanning dependencies of target rotors_gazebo_motor_model[0m
[ 55%] [32mBuilding CXX object CMakeFiles/rotors_gazebo_motor_model.dir/src/gazebo_motor_model.cpp.o[0m
[ 58%] [32m[1mLinking CXX shared library /home/swastik/catkin_ws/devel/.private/mavlink_sitl_gazebo/lib/librotors_gazebo_imu_plugin.so[0m
[ 58%] Built target rotors_gazebo_imu_plugin
[35m[1mScanning dependencies of target rotors_gazebo_controller_interface[0m
[ 61%] [32mBuilding CXX object CMakeFiles/rotors_gazebo_controller_interface.dir/src/gazebo_controller_interface.cpp.o[0m
[ 63%] [32m[1mLinking CXX shared library /home/swastik/catkin_ws/devel/.private/mavlink_sitl_gazebo/lib/librotors_gazebo_mavlink_interface.so[0m
[ 66%] [32m[1mLinking CXX shared library /home/swastik/catkin_ws/devel/.private/mavlink_sitl_gazebo/lib/librotors_gazebo_multirotor_base_plugin.so[0m
[ 66%] Built target rotors_gazebo_mavlink_interface
[35m[1mScanning dependencies of target rotors_gazebo_gimbal_controller_plugin[0m
[ 69%] [32mBuilding CXX object CMakeFiles/rotors_gazebo_gimbal_controller_plugin.dir/src/gazebo_gimbal_controller_plugin.cpp.o[0m
[ 69%] Built target rotors_gazebo_multirotor_base_plugin
[35m[1mScanning dependencies of target gripper_plugin[0m
[ 72%] [32mBuilding CXX object CMakeFiles/gripper_plugin.dir/src/gripper_plugin.cc.o[0m
[ 75%] [32m[1mLinking CXX shared library /home/swastik/catkin_ws/devel/.private/mavlink_sitl_gazebo/lib/librotors_gazebo_motor_model.so[0m
[ 77%] [32m[1mLinking CXX shared library /home/swastik/catkin_ws/devel/.private/mavlink_sitl_gazebo/lib/librotors_gazebo_controller_interface.so[0m
[ 80%] [32m[1mLinking CXX shared library /home/swastik/catkin_ws/devel/.private/mavlink_sitl_gazebo/lib/librotors_gazebo_gimbal_controller_plugin.so[0m
[ 83%] [32m[1mLinking CXX shared library /home/swastik/catkin_ws/devel/.private/mavlink_sitl_gazebo/lib/libgripper_plugin.so[0m
[ 83%] Built target rotors_gazebo_motor_model
[ 83%] Built target rotors_gazebo_controller_interface
[35m[1mScanning dependencies of target gazebo_opticalFlow_plugin[0m
[35m[1mScanning dependencies of target gazebo_lidar_plugin[0m
[ 86%] [32mBuilding C object CMakeFiles/gazebo_opticalFlow_plugin.dir/src/flow_settings.c.o[0m
[ 88%] [32mBuilding CXX object CMakeFiles/gazebo_lidar_plugin.dir/src/gazebo_lidar_plugin.cpp.o[0m
[ 88%] Built target rotors_gazebo_gimbal_controller_plugin
[ 91%] [32mBuilding C object CMakeFiles/gazebo_opticalFlow_plugin.dir/src/flow.c.o[0m
[ 94%] [32mBuilding CXX object CMakeFiles/gazebo_opticalFlow_plugin.dir/src/gazebo_opticalFlow_plugin.cpp.o[0m
[ 94%] Built target gripper_plugin
[ 97%] [32m[1mLinking CXX shared library /home/swastik/catkin_ws/devel/.private/mavlink_sitl_gazebo/lib/libgazebo_lidar_plugin.so[0m
[ 97%] Built target gazebo_lidar_plugin
[100%] [32m[1mLinking CXX shared library /home/swastik/catkin_ws/devel/.private/mavlink_sitl_gazebo/lib/libgazebo_opticalFlow_plugin.so[0m
[100%] Built target gazebo_opticalFlow_plugin
