Symlinking /home/swastik/catkin_ws/devel/etc/catkin/profile.d/50_sitl_gazebo_setup.sh
Symlinking /home/swastik/catkin_ws/devel/etc/catkin/profile.d/cmake.lock
Symlinking /home/swastik/catkin_ws/devel/lib/libgazebo_sonar_plugin.so
Symlinking /home/swastik/catkin_ws/devel/lib/libgazebo_imu_plugin.so
Linked: (/home/swastik/catkin_ws/devel/.private/mavlink_sitl_gazebo/lib/librotors_gazebo_imu_plugin.so, /home/swastik/catkin_ws/devel/lib/librotors_gazebo_imu_plugin.so)
Symlinking /home/swastik/catkin_ws/devel/lib/libgazebo_irlock_plugin.so
Symlinking /home/swastik/catkin_ws/devel/lib/libgazebo_gst_camera_plugin.so
Symlinking /home/swastik/catkin_ws/devel/lib/libgazebo_controller_interface.so
Linked: (/home/swastik/catkin_ws/devel/.private/mavlink_sitl_gazebo/lib/librotors_gazebo_gimbal_controller_plugin.so, /home/swastik/catkin_ws/devel/lib/librotors_gazebo_gimbal_controller_plugin.so)
Symlinking /home/swastik/catkin_ws/devel/lib/libgazebo_wind_plugin.so
Linked: (/home/swastik/catkin_ws/devel/.private/mavlink_sitl_gazebo/lib/librotors_gazebo_controller_interface.so, /home/swastik/catkin_ws/devel/lib/librotors_gazebo_controller_interface.so)
Linked: (/home/swastik/catkin_ws/devel/.private/mavlink_sitl_gazebo/lib/libgripper_plugin.so, /home/swastik/catkin_ws/devel/lib/libgripper_plugin.so)
Symlinking /home/swastik/catkin_ws/devel/lib/libgazebo_barometer_plugin.so
Linked: (/home/swastik/catkin_ws/devel/.private/mavlink_sitl_gazebo/lib/librotors_gazebo_mavlink_interface.so, /home/swastik/catkin_ws/devel/lib/librotors_gazebo_mavlink_interface.so)
Symlinking /home/swastik/catkin_ws/devel/lib/libgazebo_magnetometer_plugin.so
Symlinking /home/swastik/catkin_ws/devel/lib/libphysics_msgs.so
Symlinking /home/swastik/catkin_ws/devel/lib/libnav_msgs.so
Linked: (/home/swastik/catkin_ws/devel/.private/mavlink_sitl_gazebo/lib/libLiftDragPlugin.so, /home/swastik/catkin_ws/devel/lib/libLiftDragPlugin.so)
Symlinking /home/swastik/catkin_ws/devel/lib/libgazebo_gps_plugin.so
Symlinking /home/swastik/catkin_ws/devel/lib/libgazebo_multirotor_base_plugin.so
Symlinking /home/swastik/catkin_ws/devel/lib/libgazebo_mavlink_interface.so
Linked: (/home/swastik/catkin_ws/devel/.private/mavlink_sitl_gazebo/lib/librotors_gazebo_multirotor_base_plugin.so, /home/swastik/catkin_ws/devel/lib/librotors_gazebo_multirotor_base_plugin.so)
Linked: (/home/swastik/catkin_ws/devel/.private/mavlink_sitl_gazebo/lib/libgazebo_lidar_plugin.so, /home/swastik/catkin_ws/devel/lib/libgazebo_lidar_plugin.so)
Symlinking /home/swastik/catkin_ws/devel/lib/libgazebo_motor_model.so
Symlinking /home/swastik/catkin_ws/devel/lib/libstd_msgs.so
Symlinking /home/swastik/catkin_ws/devel/lib/libklt_feature_tracker.so
Symlinking /home/swastik/catkin_ws/devel/lib/libgazebo_opticalflow_plugin.so
Linked: (/home/swastik/catkin_ws/devel/.private/mavlink_sitl_gazebo/lib/libmav_msgs.so, /home/swastik/catkin_ws/devel/lib/libmav_msgs.so)
Symlinking /home/swastik/catkin_ws/devel/lib/libsensor_msgs.so
Symlinking /home/swastik/catkin_ws/devel/lib/libgazebo_gimbal_controller_plugin.so
Symlinking /home/swastik/catkin_ws/devel/lib/libgazebo_vision_plugin.so
Symlinking /home/swastik/catkin_ws/devel/lib/libgazebo_video_stream_widget.so
Symlinking /home/swastik/catkin_ws/devel/lib/libgazebo_uuv_plugin.so
Linked: (/home/swastik/catkin_ws/devel/.private/mavlink_sitl_gazebo/lib/librotors_gazebo_motor_model.so, /home/swastik/catkin_ws/devel/lib/librotors_gazebo_motor_model.so)
Symlinking /home/swastik/catkin_ws/devel/lib/libgazebo_geotagged_images_plugin.so
Linked: (/home/swastik/catkin_ws/devel/.private/mavlink_sitl_gazebo/lib/libgazebo_opticalFlow_plugin.so, /home/swastik/catkin_ws/devel/lib/libgazebo_opticalFlow_plugin.so)
Symlinking /home/swastik/catkin_ws/devel/lib/python2.7/dist-packages/klt_feature_tracker/__init__.py
Symlinking /home/swastik/catkin_ws/devel/lib/python2.7/dist-packages/klt_feature_tracker/srv/_TrackFeatures.py
Symlinking /home/swastik/catkin_ws/devel/lib/python2.7/dist-packages/klt_feature_tracker/srv/__init__.py
Symlinking /home/swastik/catkin_ws/devel/lib/klt_feature_tracker/feature_tracker_node
Symlinking /home/swastik/catkin_ws/devel/lib/pkgconfig/klt_feature_tracker.pc
Linked: (/home/swastik/catkin_ws/devel/.private/mavlink_sitl_gazebo/lib/pkgconfig/mavlink_sitl_gazebo.pc, /home/swastik/catkin_ws/devel/lib/pkgconfig/mavlink_sitl_gazebo.pc)
Symlinking /home/swastik/catkin_ws/devel/include/klt_feature_tracker/TrackFeaturesRequest.h
Symlinking /home/swastik/catkin_ws/devel/include/klt_feature_tracker/TrackFeatures.h
Symlinking /home/swastik/catkin_ws/devel/include/klt_feature_tracker/TrackFeaturesResponse.h
Symlinking /home/swastik/catkin_ws/devel/share/roseus/ros/klt_feature_tracker/manifest.l
Symlinking /home/swastik/catkin_ws/devel/share/roseus/ros/klt_feature_tracker/srv/TrackFeatures.l
Symlinking /home/swastik/catkin_ws/devel/share/klt_feature_tracker/cmake/klt_feature_tracker-msg-extras.cmake
Symlinking /home/swastik/catkin_ws/devel/share/klt_feature_tracker/cmake/klt_feature_trackerConfig.cmake
Symlinking /home/swastik/catkin_ws/devel/share/klt_feature_tracker/cmake/klt_feature_trackerConfig-version.cmake
Symlinking /home/swastik/catkin_ws/devel/share/klt_feature_tracker/cmake/klt_feature_tracker-msg-paths.cmake
Symlinking /home/swastik/catkin_ws/devel/share/gennodejs/ros/klt_feature_tracker/_index.js
Symlinking /home/swastik/catkin_ws/devel/share/gennodejs/ros/klt_feature_tracker/srv/TrackFeatures.js
Symlinking /home/swastik/catkin_ws/devel/share/gennodejs/ros/klt_feature_tracker/srv/_index.js
Linked: (/home/swastik/catkin_ws/devel/.private/mavlink_sitl_gazebo/share/mavlink_sitl_gazebo/cmake/mavlink_sitl_gazeboConfig-version.cmake, /home/swastik/catkin_ws/devel/share/mavlink_sitl_gazebo/cmake/mavlink_sitl_gazeboConfig-version.cmake)
Linked: (/home/swastik/catkin_ws/devel/.private/mavlink_sitl_gazebo/share/mavlink_sitl_gazebo/cmake/mavlink_sitl_gazeboConfig.cmake, /home/swastik/catkin_ws/devel/share/mavlink_sitl_gazebo/cmake/mavlink_sitl_gazeboConfig.cmake)
Symlinking /home/swastik/catkin_ws/devel/share/common-lisp/ros/klt_feature_tracker/srv/TrackFeatures.lisp
Symlinking /home/swastik/catkin_ws/devel/share/common-lisp/ros/klt_feature_tracker/srv/klt_feature_tracker-srv.asd
Symlinking /home/swastik/catkin_ws/devel/share/common-lisp/ros/klt_feature_tracker/srv/_package_TrackFeatures.lisp
Symlinking /home/swastik/catkin_ws/devel/share/common-lisp/ros/klt_feature_tracker/srv/_package.lisp
