Determining if the pthread_create exist failed with the following output:
Change Dir: /home/swastik/catkin_ws/build/catkin_tools_prebuild/CMakeFiles/CMakeTmp

Run Build Command:"/usr/bin/make" "cmTC_85961/fast"
/usr/bin/make -f CMakeFiles/cmTC_85961.dir/build.make CMakeFiles/cmTC_85961.dir/build
make[1]: Entering directory '/home/swastik/catkin_ws/build/catkin_tools_prebuild/CMakeFiles/CMakeTmp'
Building C object CMakeFiles/cmTC_85961.dir/CheckSymbolExists.c.o
/usr/bin/cc     -o CMakeFiles/cmTC_85961.dir/CheckSymbolExists.c.o   -c /home/swastik/catkin_ws/build/catkin_tools_prebuild/CMakeFiles/CMakeTmp/CheckSymbolExists.c
Linking C executable cmTC_85961
/usr/bin/cmake -E cmake_link_script CMakeFiles/cmTC_85961.dir/link.txt --verbose=1
/usr/bin/cc       CMakeFiles/cmTC_85961.dir/CheckSymbolExists.c.o  -o cmTC_85961 -rdynamic 
CMakeFiles/cmTC_85961.dir/CheckSymbolExists.c.o: In function `main':
CheckSymbolExists.c:(.text+0x16): undefined reference to `pthread_create'
collect2: error: ld returned 1 exit status
CMakeFiles/cmTC_85961.dir/build.make:97: recipe for target 'cmTC_85961' failed
make[1]: *** [cmTC_85961] Error 1
make[1]: Leaving directory '/home/swastik/catkin_ws/build/catkin_tools_prebuild/CMakeFiles/CMakeTmp'
Makefile:126: recipe for target 'cmTC_85961/fast' failed
make: *** [cmTC_85961/fast] Error 2

File /home/swastik/catkin_ws/build/catkin_tools_prebuild/CMakeFiles/CMakeTmp/CheckSymbolExists.c:
/* */
#include <pthread.h>

int main(int argc, char** argv)
{
  (void)argv;
#ifndef pthread_create
  return ((int*)(&pthread_create))[argc];
#else
  (void)argc;
  return 0;
#endif
}

Determining if the function pthread_create exists in the pthreads failed with the following output:
Change Dir: /home/swastik/catkin_ws/build/catkin_tools_prebuild/CMakeFiles/CMakeTmp

Run Build Command:"/usr/bin/make" "cmTC_7835c/fast"
/usr/bin/make -f CMakeFiles/cmTC_7835c.dir/build.make CMakeFiles/cmTC_7835c.dir/build
make[1]: Entering directory '/home/swastik/catkin_ws/build/catkin_tools_prebuild/CMakeFiles/CMakeTmp'
Building C object CMakeFiles/cmTC_7835c.dir/CheckFunctionExists.c.o
/usr/bin/cc    -DCHECK_FUNCTION_EXISTS=pthread_create   -o CMakeFiles/cmTC_7835c.dir/CheckFunctionExists.c.o   -c /usr/share/cmake-3.5/Modules/CheckFunctionExists.c
Linking C executable cmTC_7835c
/usr/bin/cmake -E cmake_link_script CMakeFiles/cmTC_7835c.dir/link.txt --verbose=1
/usr/bin/cc   -DCHECK_FUNCTION_EXISTS=pthread_create    CMakeFiles/cmTC_7835c.dir/CheckFunctionExists.c.o  -o cmTC_7835c -rdynamic -lpthreads 
/usr/bin/ld: cannot find -lpthreads
collect2: error: ld returned 1 exit status
CMakeFiles/cmTC_7835c.dir/build.make:97: recipe for target 'cmTC_7835c' failed
make[1]: *** [cmTC_7835c] Error 1
make[1]: Leaving directory '/home/swastik/catkin_ws/build/catkin_tools_prebuild/CMakeFiles/CMakeTmp'
Makefile:126: recipe for target 'cmTC_7835c/fast' failed
make: *** [cmTC_7835c/fast] Error 2


