Determining if the pthread_create exist failed with the following output:
Change Dir: /home/swastik/catkin_ws/build/mavros_msgs/CMakeFiles/CMakeTmp

Run Build Command:"/usr/bin/make" "cmTC_f3871/fast"
/usr/bin/make -f CMakeFiles/cmTC_f3871.dir/build.make CMakeFiles/cmTC_f3871.dir/build
make[1]: Entering directory '/home/swastik/catkin_ws/build/mavros_msgs/CMakeFiles/CMakeTmp'
Building C object CMakeFiles/cmTC_f3871.dir/CheckSymbolExists.c.o
/usr/bin/cc     -o CMakeFiles/cmTC_f3871.dir/CheckSymbolExists.c.o   -c /home/swastik/catkin_ws/build/mavros_msgs/CMakeFiles/CMakeTmp/CheckSymbolExists.c
Linking C executable cmTC_f3871
/usr/bin/cmake -E cmake_link_script CMakeFiles/cmTC_f3871.dir/link.txt --verbose=1
/usr/bin/cc       CMakeFiles/cmTC_f3871.dir/CheckSymbolExists.c.o  -o cmTC_f3871 -rdynamic 
CMakeFiles/cmTC_f3871.dir/CheckSymbolExists.c.o: In function `main':
CheckSymbolExists.c:(.text+0x16): undefined reference to `pthread_create'
collect2: error: ld returned 1 exit status
CMakeFiles/cmTC_f3871.dir/build.make:97: recipe for target 'cmTC_f3871' failed
make[1]: *** [cmTC_f3871] Error 1
make[1]: Leaving directory '/home/swastik/catkin_ws/build/mavros_msgs/CMakeFiles/CMakeTmp'
Makefile:126: recipe for target 'cmTC_f3871/fast' failed
make: *** [cmTC_f3871/fast] Error 2

File /home/swastik/catkin_ws/build/mavros_msgs/CMakeFiles/CMakeTmp/CheckSymbolExists.c:
/* */
#include <pthread.h>

int main(int argc, char** argv)
{
  (void)argv;
#ifndef pthread_create
  return ((int*)(&pthread_create))[argc];
#else
  (void)argc;
  return 0;
#endif
}

Determining if the function pthread_create exists in the pthreads failed with the following output:
Change Dir: /home/swastik/catkin_ws/build/mavros_msgs/CMakeFiles/CMakeTmp

Run Build Command:"/usr/bin/make" "cmTC_84bdb/fast"
/usr/bin/make -f CMakeFiles/cmTC_84bdb.dir/build.make CMakeFiles/cmTC_84bdb.dir/build
make[1]: Entering directory '/home/swastik/catkin_ws/build/mavros_msgs/CMakeFiles/CMakeTmp'
Building C object CMakeFiles/cmTC_84bdb.dir/CheckFunctionExists.c.o
/usr/bin/cc    -DCHECK_FUNCTION_EXISTS=pthread_create   -o CMakeFiles/cmTC_84bdb.dir/CheckFunctionExists.c.o   -c /usr/share/cmake-3.5/Modules/CheckFunctionExists.c
Linking C executable cmTC_84bdb
/usr/bin/cmake -E cmake_link_script CMakeFiles/cmTC_84bdb.dir/link.txt --verbose=1
/usr/bin/cc   -DCHECK_FUNCTION_EXISTS=pthread_create    CMakeFiles/cmTC_84bdb.dir/CheckFunctionExists.c.o  -o cmTC_84bdb -rdynamic -lpthreads 
/usr/bin/ld: cannot find -lpthreads
collect2: error: ld returned 1 exit status
CMakeFiles/cmTC_84bdb.dir/build.make:97: recipe for target 'cmTC_84bdb' failed
make[1]: *** [cmTC_84bdb] Error 1
make[1]: Leaving directory '/home/swastik/catkin_ws/build/mavros_msgs/CMakeFiles/CMakeTmp'
Makefile:126: recipe for target 'cmTC_84bdb/fast' failed
make: *** [cmTC_84bdb/fast] Error 2


