Linked: (/home/swastik/catkin_ws/devel/.private/px4/lib/liblib__DriverFramework__framework.a, /home/swastik/catkin_ws/devel/lib/liblib__DriverFramework__framework.a)
Linked: (/home/swastik/catkin_ws/devel/.private/px4/lib/libmodules__sensors.a, /home/swastik/catkin_ws/devel/lib/libmodules__sensors.a)
Linked: (/home/swastik/catkin_ws/devel/.private/px4/lib/libmodules__fw_pos_control_l1.a, /home/swastik/catkin_ws/devel/lib/libmodules__fw_pos_control_l1.a)
Linked: (/home/swastik/catkin_ws/devel/.private/px4/lib/liblib__rc__rc_tests.a, /home/swastik/catkin_ws/devel/lib/liblib__rc__rc_tests.a)
Linked: (/home/swastik/catkin_ws/devel/.private/px4/lib/libmodules__fw_att_control.a, /home/swastik/catkin_ws/devel/lib/libmodules__fw_att_control.a)
Linked: (/home/swastik/catkin_ws/devel/.private/px4/lib/libmodules__uORB__uORB_tests.a, /home/swastik/catkin_ws/devel/lib/libmodules__uORB__uORB_tests.a)
Linked: (/home/swastik/catkin_ws/devel/.private/px4/lib/libsystemcmds__tests.a, /home/swastik/catkin_ws/devel/lib/libsystemcmds__tests.a)
Linked: (/home/swastik/catkin_ws/devel/.private/px4/lib/libplatforms__posix__drivers__adcsim.a, /home/swastik/catkin_ws/devel/lib/libplatforms__posix__drivers__adcsim.a)
Linked: (/home/swastik/catkin_ws/devel/.private/px4/lib/libmodules__ekf2.a, /home/swastik/catkin_ws/devel/lib/libmodules__ekf2.a)
Linked: (/home/swastik/catkin_ws/devel/.private/px4/lib/libdf_driver_framework.a, /home/swastik/catkin_ws/devel/lib/libdf_driver_framework.a)
Linked: (/home/swastik/catkin_ws/devel/.private/px4/lib/libmodules__land_detector.a, /home/swastik/catkin_ws/devel/lib/libmodules__land_detector.a)
Linked: (/home/swastik/catkin_ws/devel/.private/px4/lib/libmodules__dataman.a, /home/swastik/catkin_ws/devel/lib/libmodules__dataman.a)
Linked: (/home/swastik/catkin_ws/devel/.private/px4/lib/libdrivers__boards__sitl.a, /home/swastik/catkin_ws/devel/lib/libdrivers__boards__sitl.a)
Linked: (/home/swastik/catkin_ws/devel/.private/px4/lib/libplatforms__posix__drivers__gpssim.a, /home/swastik/catkin_ws/devel/lib/libplatforms__posix__drivers__gpssim.a)
Linked: (/home/swastik/catkin_ws/devel/.private/px4/lib/libmodules__simulator.a, /home/swastik/catkin_ws/devel/lib/libmodules__simulator.a)
Linked: (/home/swastik/catkin_ws/devel/.private/px4/lib/libmodules__mavlink.a, /home/swastik/catkin_ws/devel/lib/libmodules__mavlink.a)
Linked: (/home/swastik/catkin_ws/devel/.private/px4/lib/libplatforms__common.a, /home/swastik/catkin_ws/devel/lib/libplatforms__common.a)
Linked: (/home/swastik/catkin_ws/devel/.private/px4/lib/liblib__external_lgpl.a, /home/swastik/catkin_ws/devel/lib/liblib__external_lgpl.a)
Linked: (/home/swastik/catkin_ws/devel/.private/px4/lib/libmodules__local_position_estimator.a, /home/swastik/catkin_ws/devel/lib/libmodules__local_position_estimator.a)
Linked: (/home/swastik/catkin_ws/devel/.private/px4/lib/libmodules__commander.a, /home/swastik/catkin_ws/devel/lib/libmodules__commander.a)
Linked: (/home/swastik/catkin_ws/devel/.private/px4/lib/liblib__mathlib.a, /home/swastik/catkin_ws/devel/lib/liblib__mathlib.a)
Linked: (/home/swastik/catkin_ws/devel/.private/px4/lib/libdrivers__pwm_out_sim.a, /home/swastik/catkin_ws/devel/lib/libdrivers__pwm_out_sim.a)
Linked: (/home/swastik/catkin_ws/devel/.private/px4/lib/libmodules__replay.a, /home/swastik/catkin_ws/devel/lib/libmodules__replay.a)
Linked: (/home/swastik/catkin_ws/devel/.private/px4/lib/libmodules__param.a, /home/swastik/catkin_ws/devel/lib/libmodules__param.a)
Linked: (/home/swastik/catkin_ws/devel/.private/px4/lib/liblib__tailsitter_recovery.a, /home/swastik/catkin_ws/devel/lib/liblib__tailsitter_recovery.a)
Linked: (/home/swastik/catkin_ws/devel/.private/px4/lib/libsystemcmds__mixer.a, /home/swastik/catkin_ws/devel/lib/libsystemcmds__mixer.a)
Linked: (/home/swastik/catkin_ws/devel/.private/px4/lib/libmodules__systemlib__mixer.a, /home/swastik/catkin_ws/devel/lib/libmodules__systemlib__mixer.a)
Linked: (/home/swastik/catkin_ws/devel/.private/px4/lib/liblib__mathlib__math__filter.a, /home/swastik/catkin_ws/devel/lib/liblib__mathlib__math__filter.a)
Linked: (/home/swastik/catkin_ws/devel/.private/px4/lib/libplatforms__posix__drivers__barosim.a, /home/swastik/catkin_ws/devel/lib/libplatforms__posix__drivers__barosim.a)
Linked: (/home/swastik/catkin_ws/devel/.private/px4/lib/libexamples__ekf_att_pos_estimator.a, /home/swastik/catkin_ws/devel/lib/libexamples__ekf_att_pos_estimator.a)
Linked: (/home/swastik/catkin_ws/devel/.private/px4/lib/libplatforms__posix__work_queue.a, /home/swastik/catkin_ws/devel/lib/libplatforms__posix__work_queue.a)
Linked: (/home/swastik/catkin_ws/devel/.private/px4/lib/libplatforms__posix__drivers__gyrosim.a, /home/swastik/catkin_ws/devel/lib/libplatforms__posix__drivers__gyrosim.a)
Linked: (/home/swastik/catkin_ws/devel/.private/px4/lib/libdrivers__vmount.a, /home/swastik/catkin_ws/devel/lib/libdrivers__vmount.a)
Linked: (/home/swastik/catkin_ws/devel/.private/px4/lib/libsystemcmds__top.a, /home/swastik/catkin_ws/devel/lib/libsystemcmds__top.a)
Linked: (/home/swastik/catkin_ws/devel/.private/px4/lib/libmodules__logger.a, /home/swastik/catkin_ws/devel/lib/libmodules__logger.a)
Linked: (/home/swastik/catkin_ws/devel/.private/px4/lib/libplatforms__posix__drivers__accelsim.a, /home/swastik/catkin_ws/devel/lib/libplatforms__posix__drivers__accelsim.a)
Linked: (/home/swastik/catkin_ws/devel/.private/px4/lib/liblib__geo.a, /home/swastik/catkin_ws/devel/lib/liblib__geo.a)
Linked: (/home/swastik/catkin_ws/devel/.private/px4/lib/libplatforms__posix__drivers__ledsim.a, /home/swastik/catkin_ws/devel/lib/libplatforms__posix__drivers__ledsim.a)
Linked: (/home/swastik/catkin_ws/devel/.private/px4/lib/libsystemcmds__motor_ramp.a, /home/swastik/catkin_ws/devel/lib/libsystemcmds__motor_ramp.a)
Linked: (/home/swastik/catkin_ws/devel/.private/px4/lib/liblib__rc.a, /home/swastik/catkin_ws/devel/lib/liblib__rc.a)
Linked: (/home/swastik/catkin_ws/devel/.private/px4/lib/libmsg_gen.a, /home/swastik/catkin_ws/devel/lib/libmsg_gen.a)
Linked: (/home/swastik/catkin_ws/devel/.private/px4/lib/libplatforms__posix__drivers__rgbledsim.a, /home/swastik/catkin_ws/devel/lib/libplatforms__posix__drivers__rgbledsim.a)
Linked: (/home/swastik/catkin_ws/devel/.private/px4/lib/libsystemcmds__reboot.a, /home/swastik/catkin_ws/devel/lib/libsystemcmds__reboot.a)
Linked: (/home/swastik/catkin_ws/devel/.private/px4/lib/libexamples__mc_pos_control_multiplatform.a, /home/swastik/catkin_ws/devel/lib/libexamples__mc_pos_control_multiplatform.a)
Linked: (/home/swastik/catkin_ws/devel/.private/px4/lib/libmodules__sdlog2.a, /home/swastik/catkin_ws/devel/lib/libmodules__sdlog2.a)
Linked: (/home/swastik/catkin_ws/devel/.private/px4/lib/libsystemcmds__sd_bench.a, /home/swastik/catkin_ws/devel/lib/libsystemcmds__sd_bench.a)
Linked: (/home/swastik/catkin_ws/devel/.private/px4/lib/libdrivers__sf0x__sf0x_tests.a, /home/swastik/catkin_ws/devel/lib/libdrivers__sf0x__sf0x_tests.a)
Linked: (/home/swastik/catkin_ws/devel/.private/px4/lib/libexamples__px4_simple_app.a, /home/swastik/catkin_ws/devel/lib/libexamples__px4_simple_app.a)
Linked: (/home/swastik/catkin_ws/devel/.private/px4/lib/libexamples__attitude_estimator_ekf.a, /home/swastik/catkin_ws/devel/lib/libexamples__attitude_estimator_ekf.a)
Linked: (/home/swastik/catkin_ws/devel/.private/px4/lib/libplatforms__posix__px4_layer.a, /home/swastik/catkin_ws/devel/lib/libplatforms__posix__px4_layer.a)
Linked: (/home/swastik/catkin_ws/devel/.private/px4/lib/liblib__terrain_estimation.a, /home/swastik/catkin_ws/devel/lib/liblib__terrain_estimation.a)
Linked: (/home/swastik/catkin_ws/devel/.private/px4/lib/libplatforms__posix__drivers__tonealrmsim.a, /home/swastik/catkin_ws/devel/lib/libplatforms__posix__drivers__tonealrmsim.a)
Linked: (/home/swastik/catkin_ws/devel/.private/px4/lib/liblib__runway_takeoff.a, /home/swastik/catkin_ws/devel/lib/liblib__runway_takeoff.a)
Linked: (/home/swastik/catkin_ws/devel/.private/px4/lib/liblib__geo_lookup.a, /home/swastik/catkin_ws/devel/lib/liblib__geo_lookup.a)
Linked: (/home/swastik/catkin_ws/devel/.private/px4/lib/libexamples__mc_att_control_multiplatform.a, /home/swastik/catkin_ws/devel/lib/libexamples__mc_att_control_multiplatform.a)
Linked: (/home/swastik/catkin_ws/devel/.private/px4/lib/libplatforms__posix__drivers__airspeedsim.a, /home/swastik/catkin_ws/devel/lib/libplatforms__posix__drivers__airspeedsim.a)
Linked: (/home/swastik/catkin_ws/devel/.private/px4/lib/liblib__launchdetection.a, /home/swastik/catkin_ws/devel/lib/liblib__launchdetection.a)
Linked: (/home/swastik/catkin_ws/devel/.private/px4/lib/libmodules__controllib_test.a, /home/swastik/catkin_ws/devel/lib/libmodules__controllib_test.a)
Linked: (/home/swastik/catkin_ws/devel/.private/px4/lib/libsystemcmds__param.a, /home/swastik/catkin_ws/devel/lib/libsystemcmds__param.a)
Linked: (/home/swastik/catkin_ws/devel/.private/px4/lib/libdrivers__gps.a, /home/swastik/catkin_ws/devel/lib/libdrivers__gps.a)
Linked: (/home/swastik/catkin_ws/devel/.private/px4/lib/libsystemcmds__perf.a, /home/swastik/catkin_ws/devel/lib/libsystemcmds__perf.a)
Linked: (/home/swastik/catkin_ws/devel/.private/px4/lib/libmodules__mc_att_control.a, /home/swastik/catkin_ws/devel/lib/libmodules__mc_att_control.a)
Linked: (/home/swastik/catkin_ws/devel/.private/px4/lib/libdrivers__device.a, /home/swastik/catkin_ws/devel/lib/libdrivers__device.a)
Linked: (/home/swastik/catkin_ws/devel/.private/px4/lib/liblib__controllib.a, /home/swastik/catkin_ws/devel/lib/liblib__controllib.a)
Linked: (/home/swastik/catkin_ws/devel/.private/px4/lib/libmodules__attitude_estimator_q.a, /home/swastik/catkin_ws/devel/lib/libmodules__attitude_estimator_q.a)
Linked: (/home/swastik/catkin_ws/devel/.private/px4/lib/liblib__conversion.a, /home/swastik/catkin_ws/devel/lib/liblib__conversion.a)
Linked: (/home/swastik/catkin_ws/devel/.private/px4/lib/libmodules__systemlib.a, /home/swastik/catkin_ws/devel/lib/libmodules__systemlib.a)
Linked: (/home/swastik/catkin_ws/devel/.private/px4/lib/libmodules__vtol_att_control.a, /home/swastik/catkin_ws/devel/lib/libmodules__vtol_att_control.a)
Linked: (/home/swastik/catkin_ws/devel/.private/px4/lib/libmodules__position_estimator_inav.a, /home/swastik/catkin_ws/devel/lib/libmodules__position_estimator_inav.a)
Linked: (/home/swastik/catkin_ws/devel/.private/px4/lib/libmodules__navigator.a, /home/swastik/catkin_ws/devel/lib/libmodules__navigator.a)
Linked: (/home/swastik/catkin_ws/devel/.private/px4/lib/libsystemcmds__esc_calib.a, /home/swastik/catkin_ws/devel/lib/libsystemcmds__esc_calib.a)
Linked: (/home/swastik/catkin_ws/devel/.private/px4/lib/libmodules__uORB.a, /home/swastik/catkin_ws/devel/lib/libmodules__uORB.a)
Linked: (/home/swastik/catkin_ws/devel/.private/px4/lib/liblib__ecl.a, /home/swastik/catkin_ws/devel/lib/liblib__ecl.a)
Linked: (/home/swastik/catkin_ws/devel/.private/px4/lib/libmodules__commander__commander_tests.a, /home/swastik/catkin_ws/devel/lib/libmodules__commander__commander_tests.a)
Linked: (/home/swastik/catkin_ws/devel/.private/px4/lib/libmodules__mc_pos_control.a, /home/swastik/catkin_ws/devel/lib/libmodules__mc_pos_control.a)
Linked: (/home/swastik/catkin_ws/devel/.private/px4/lib/libsystemcmds__ver.a, /home/swastik/catkin_ws/devel/lib/libsystemcmds__ver.a)
Linked: (/home/swastik/catkin_ws/devel/.private/px4/lib/libmodules__unit_test.a, /home/swastik/catkin_ws/devel/lib/libmodules__unit_test.a)
Linked: (/home/swastik/catkin_ws/devel/.private/px4/lib/libsystemcmds__topic_listener.a, /home/swastik/catkin_ws/devel/lib/libsystemcmds__topic_listener.a)
Symlinking /home/swastik/catkin_ws/devel/lib/px4/px4-alias.sh
Linked: (/home/swastik/catkin_ws/devel/.private/px4/lib/px4/px4, /home/swastik/catkin_ws/devel/lib/px4/px4)
Linked: (/home/swastik/catkin_ws/devel/.private/px4/lib/pkgconfig/px4.pc, /home/swastik/catkin_ws/devel/lib/pkgconfig/px4.pc)
Linked: (/home/swastik/catkin_ws/devel/.private/px4/share/px4/cmake/px4Config-version.cmake, /home/swastik/catkin_ws/devel/share/px4/cmake/px4Config-version.cmake)
Linked: (/home/swastik/catkin_ws/devel/.private/px4/share/px4/cmake/px4Config.cmake, /home/swastik/catkin_ws/devel/share/px4/cmake/px4Config.cmake)
