[  0%] Built target prebuild_targets
[  1%] [34m[1mGenerating git_init_Tools_genmsg.stamp[0m
[  1%] Built target git_genmsg
[  1%] [34m[1mGenerating git_init_Tools_gencpp.stamp[0m
[  1%] Built target git_gencpp
[35m[1mScanning dependencies of target df_driver_framework[0m
[  1%] [34m[1mGenerating git_init_mavlink_include_mavlink_v1.0.stamp[0m
[  1%] [34m[1mGenerating git_init_src_modules_uavcan_libuavcan.stamp[0m
[  1%] [32mBuilding CXX object src/lib/DriverFramework/framework/src/CMakeFiles/df_driver_framework.dir/DriverFramework.cpp.o[0m
[  1%] Built target git_mavlink
[  1%] Built target git_uavcan
[  1%] [32mBuilding CXX object src/lib/DriverFramework/framework/src/CMakeFiles/df_driver_framework.dir/WorkMgr.cpp.o[0m
[  1%] [32mBuilding CXX object src/lib/DriverFramework/framework/src/CMakeFiles/df_driver_framework.dir/WorkItems.cpp.o[0m
[  1%] [32mBuilding CXX object src/lib/DriverFramework/framework/src/CMakeFiles/df_driver_framework.dir/DevMgr.cpp.o[0m
[  2%] [32mBuilding CXX object src/lib/DriverFramework/framework/src/CMakeFiles/df_driver_framework.dir/DevObj.cpp.o[0m
[  2%] [32mBuilding CXX object src/lib/DriverFramework/framework/src/CMakeFiles/df_driver_framework.dir/SyncObj.cpp.o[0m
[  2%] [32mBuilding CXX object src/lib/DriverFramework/framework/src/CMakeFiles/df_driver_framework.dir/DFList.cpp.o[0m
[  2%] [32mBuilding CXX object src/lib/DriverFramework/framework/src/CMakeFiles/df_driver_framework.dir/Time.cpp.o[0m
[  2%] [32mBuilding CXX object src/lib/DriverFramework/framework/src/CMakeFiles/df_driver_framework.dir/DFDiag.cpp.o[0m
[  3%] [32mBuilding CXX object src/lib/DriverFramework/framework/src/CMakeFiles/df_driver_framework.dir/I2CDevObj.cpp.o[0m
[  3%] [32mBuilding CXX object src/lib/DriverFramework/framework/src/CMakeFiles/df_driver_framework.dir/SPIDevObj.cpp.o[0m
[  3%] [32m[1mLinking CXX static library /home/swastik/catkin_ws/devel/.private/px4/lib/libdf_driver_framework.a[0m
[  3%] [34m[1mGenerating git_init_src_lib_matrix.stamp[0m
[  3%] Built target git_matrix
[  3%] [34m[1mGenerating git_init_Tools_jMAVSim.stamp[0m
[  3%] Built target git_jmavsim
[  3%] [34m[1mGenerating git_init_src_lib_DriverFramework.stamp[0m
[  3%] Built target df_driver_framework
[  3%] Built target git_driverframework
[  3%] [34m[1mGenerating git_init_src_lib_ecl.stamp[0m
[  3%] Built target git_ecl
[  3%] [34m[1mGenerating parameters.xml[0m
[  3%] [34m[1mGenerating git_init_Tools_sitl_gazebo.stamp[0m
[  3%] Built target git_gazebo
[  3%] Built target mixer_gen
[  4%] [34m[1mGenerating uORB topic headers[0m
[  4%] [34m[1mGenerating uORB topic sources[0m
[  4%] [34m[1mGenerating uORB topic multi headers for posix[0m
[35m[1mScanning dependencies of target msg_gen[0m
[  4%] [34m[1mGenerating uORB topic headers[0m
[  4%] [34m[1mGenerating uORB topic multi headers for posix[0m
[  5%] Built target xml_gen
[  5%] [32mBuilding CXX object CMakeFiles/msg_gen.dir/topics_sources/uORBTopics.cpp.o[0m
[  5%] [32mBuilding CXX object CMakeFiles/msg_gen.dir/topics_sources/actuator_armed.cpp.o[0m
[  5%] [32mBuilding CXX object CMakeFiles/msg_gen.dir/topics_sources/actuator_controls.cpp.o[0m
[  5%] [32mBuilding CXX object CMakeFiles/msg_gen.dir/topics_sources/actuator_direct.cpp.o[0m
[  6%] [32mBuilding CXX object CMakeFiles/msg_gen.dir/topics_sources/actuator_outputs.cpp.o[0m
[  6%] [32mBuilding CXX object CMakeFiles/msg_gen.dir/topics_sources/adc_report.cpp.o[0m
[  6%] [32mBuilding CXX object CMakeFiles/msg_gen.dir/topics_sources/airspeed.cpp.o[0m
[  6%] [32mBuilding CXX object CMakeFiles/msg_gen.dir/topics_sources/att_pos_mocap.cpp.o[0m
[  6%] [32mBuilding CXX object CMakeFiles/msg_gen.dir/topics_sources/battery_status.cpp.o[0m
[  7%] [32mBuilding CXX object CMakeFiles/msg_gen.dir/topics_sources/camera_trigger.cpp.o[0m
[  7%] [32mBuilding CXX object CMakeFiles/msg_gen.dir/topics_sources/commander_state.cpp.o[0m
[  7%] [32mBuilding CXX object CMakeFiles/msg_gen.dir/topics_sources/control_state.cpp.o[0m
[  7%] [32mBuilding CXX object CMakeFiles/msg_gen.dir/topics_sources/cpuload.cpp.o[0m
[  7%] [32mBuilding CXX object CMakeFiles/msg_gen.dir/topics_sources/debug_key_value.cpp.o[0m
[  8%] [32mBuilding CXX object CMakeFiles/msg_gen.dir/topics_sources/differential_pressure.cpp.o[0m
[  8%] [32mBuilding CXX object CMakeFiles/msg_gen.dir/topics_sources/distance_sensor.cpp.o[0m
[  8%] [32mBuilding CXX object CMakeFiles/msg_gen.dir/topics_sources/ekf2_innovations.cpp.o[0m
[  8%] [32mBuilding CXX object CMakeFiles/msg_gen.dir/topics_sources/ekf2_replay.cpp.o[0m
[  8%] [32mBuilding CXX object CMakeFiles/msg_gen.dir/topics_sources/esc_report.cpp.o[0m
[  9%] [32mBuilding CXX object CMakeFiles/msg_gen.dir/topics_sources/esc_status.cpp.o[0m
[  9%] [32mBuilding CXX object CMakeFiles/msg_gen.dir/topics_sources/estimator_status.cpp.o[0m
[  9%] [32mBuilding CXX object CMakeFiles/msg_gen.dir/topics_sources/fence.cpp.o[0m
[  9%] [32mBuilding CXX object CMakeFiles/msg_gen.dir/topics_sources/fence_vertex.cpp.o[0m
[  9%] [32mBuilding CXX object CMakeFiles/msg_gen.dir/topics_sources/filtered_bottom_flow.cpp.o[0m
[ 10%] [32mBuilding CXX object CMakeFiles/msg_gen.dir/topics_sources/follow_target.cpp.o[0m
[ 10%] [32mBuilding CXX object CMakeFiles/msg_gen.dir/topics_sources/fw_pos_ctrl_status.cpp.o[0m
[ 10%] [32mBuilding CXX object CMakeFiles/msg_gen.dir/topics_sources/fw_virtual_attitude_setpoint.cpp.o[0m
[ 10%] [32mBuilding CXX object CMakeFiles/msg_gen.dir/topics_sources/fw_virtual_rates_setpoint.cpp.o[0m
[ 10%] [32mBuilding CXX object CMakeFiles/msg_gen.dir/topics_sources/geofence_result.cpp.o[0m
[ 11%] [32mBuilding CXX object CMakeFiles/msg_gen.dir/topics_sources/gps_dump.cpp.o[0m
[ 11%] [32mBuilding CXX object CMakeFiles/msg_gen.dir/topics_sources/gps_inject_data.cpp.o[0m
[ 11%] [32mBuilding CXX object CMakeFiles/msg_gen.dir/topics_sources/hil_sensor.cpp.o[0m
[ 11%] [32mBuilding CXX object CMakeFiles/msg_gen.dir/topics_sources/home_position.cpp.o[0m
[ 11%] [32mBuilding CXX object CMakeFiles/msg_gen.dir/topics_sources/input_rc.cpp.o[0m
[ 12%] [32mBuilding CXX object CMakeFiles/msg_gen.dir/topics_sources/log_message.cpp.o[0m
[ 12%] [32mBuilding CXX object CMakeFiles/msg_gen.dir/topics_sources/manual_control_setpoint.cpp.o[0m
[ 12%] [32mBuilding CXX object CMakeFiles/msg_gen.dir/topics_sources/mavlink_log.cpp.o[0m
[ 12%] [32mBuilding CXX object CMakeFiles/msg_gen.dir/topics_sources/mc_att_ctrl_status.cpp.o[0m
[ 12%] [32mBuilding CXX object CMakeFiles/msg_gen.dir/topics_sources/mc_virtual_attitude_setpoint.cpp.o[0m
[ 13%] [32mBuilding CXX object CMakeFiles/msg_gen.dir/topics_sources/mc_virtual_rates_setpoint.cpp.o[0m
[ 13%] [32mBuilding CXX object CMakeFiles/msg_gen.dir/topics_sources/mission.cpp.o[0m
[ 13%] [32mBuilding CXX object CMakeFiles/msg_gen.dir/topics_sources/mission_result.cpp.o[0m
[ 13%] [32mBuilding CXX object CMakeFiles/msg_gen.dir/topics_sources/multirotor_motor_limits.cpp.o[0m
[ 13%] [32mBuilding CXX object CMakeFiles/msg_gen.dir/topics_sources/offboard_control_mode.cpp.o[0m
[ 14%] [32mBuilding CXX object CMakeFiles/msg_gen.dir/topics_sources/optical_flow.cpp.o[0m
[ 14%] [32mBuilding CXX object CMakeFiles/msg_gen.dir/topics_sources/output_pwm.cpp.o[0m
[ 14%] [32mBuilding CXX object CMakeFiles/msg_gen.dir/topics_sources/parameter_update.cpp.o[0m
[ 14%] [32mBuilding CXX object CMakeFiles/msg_gen.dir/topics_sources/position_setpoint.cpp.o[0m
[ 15%] [32mBuilding CXX object CMakeFiles/msg_gen.dir/topics_sources/position_setpoint_triplet.cpp.o[0m
[ 15%] [32mBuilding CXX object CMakeFiles/msg_gen.dir/topics_sources/pwm_input.cpp.o[0m
[ 15%] [32mBuilding CXX object CMakeFiles/msg_gen.dir/topics_sources/qshell_req.cpp.o[0m
[ 15%] [32mBuilding CXX object CMakeFiles/msg_gen.dir/topics_sources/rc_channels.cpp.o[0m
[ 15%] [32mBuilding CXX object CMakeFiles/msg_gen.dir/topics_sources/rc_parameter_map.cpp.o[0m
[ 17%] [32mBuilding CXX object CMakeFiles/msg_gen.dir/topics_sources/safety.cpp.o[0m
[ 17%] [32mBuilding CXX object CMakeFiles/msg_gen.dir/topics_sources/satellite_info.cpp.o[0m
[ 17%] [32mBuilding CXX object CMakeFiles/msg_gen.dir/topics_sources/sensor_accel.cpp.o[0m
[ 17%] [32mBuilding CXX object CMakeFiles/msg_gen.dir/topics_sources/sensor_baro.cpp.o[0m
[ 17%] [32mBuilding CXX object CMakeFiles/msg_gen.dir/topics_sources/sensor_combined.cpp.o[0m
[ 18%] [32mBuilding CXX object CMakeFiles/msg_gen.dir/topics_sources/sensor_gyro.cpp.o[0m
[ 18%] [32mBuilding CXX object CMakeFiles/msg_gen.dir/topics_sources/sensor_mag.cpp.o[0m
[ 18%] [32mBuilding CXX object CMakeFiles/msg_gen.dir/topics_sources/servorail_status.cpp.o[0m
[ 18%] [32mBuilding CXX object CMakeFiles/msg_gen.dir/topics_sources/subsystem_info.cpp.o[0m
[ 18%] [32mBuilding CXX object CMakeFiles/msg_gen.dir/topics_sources/system_power.cpp.o[0m
[ 19%] [32mBuilding CXX object CMakeFiles/msg_gen.dir/topics_sources/tecs_status.cpp.o[0m
[ 19%] [32mBuilding CXX object CMakeFiles/msg_gen.dir/topics_sources/telemetry_status.cpp.o[0m
[ 19%] [32mBuilding CXX object CMakeFiles/msg_gen.dir/topics_sources/test_motor.cpp.o[0m
[ 19%] [32mBuilding CXX object CMakeFiles/msg_gen.dir/topics_sources/time_offset.cpp.o[0m
[ 19%] [32mBuilding CXX object CMakeFiles/msg_gen.dir/topics_sources/transponder_report.cpp.o[0m
[ 20%] [32mBuilding CXX object CMakeFiles/msg_gen.dir/topics_sources/uavcan_parameter_request.cpp.o[0m
[ 20%] [32mBuilding CXX object CMakeFiles/msg_gen.dir/topics_sources/uavcan_parameter_value.cpp.o[0m
[ 20%] [32mBuilding CXX object CMakeFiles/msg_gen.dir/topics_sources/vehicle_attitude.cpp.o[0m
[ 20%] [32mBuilding CXX object CMakeFiles/msg_gen.dir/topics_sources/vehicle_attitude_setpoint.cpp.o[0m
[ 20%] [32mBuilding CXX object CMakeFiles/msg_gen.dir/topics_sources/vehicle_command_ack.cpp.o[0m
[ 21%] [32mBuilding CXX object CMakeFiles/msg_gen.dir/topics_sources/vehicle_command.cpp.o[0m
[ 21%] [32mBuilding CXX object CMakeFiles/msg_gen.dir/topics_sources/vehicle_control_mode.cpp.o[0m
[ 21%] [32mBuilding CXX object CMakeFiles/msg_gen.dir/topics_sources/vehicle_force_setpoint.cpp.o[0m
[ 21%] [32mBuilding CXX object CMakeFiles/msg_gen.dir/topics_sources/vehicle_global_position.cpp.o[0m
[ 21%] [32mBuilding CXX object CMakeFiles/msg_gen.dir/topics_sources/vehicle_global_velocity_setpoint.cpp.o[0m
[ 22%] [32mBuilding CXX object CMakeFiles/msg_gen.dir/topics_sources/vehicle_gps_position.cpp.o[0m
[ 22%] [32mBuilding CXX object CMakeFiles/msg_gen.dir/topics_sources/vehicle_land_detected.cpp.o[0m
[ 22%] [32mBuilding CXX object CMakeFiles/msg_gen.dir/topics_sources/vehicle_local_position.cpp.o[0m
[ 22%] [32mBuilding CXX object CMakeFiles/msg_gen.dir/topics_sources/vehicle_local_position_setpoint.cpp.o[0m
[ 22%] [32mBuilding CXX object CMakeFiles/msg_gen.dir/topics_sources/vehicle_rates_setpoint.cpp.o[0m
[ 23%] [32mBuilding CXX object CMakeFiles/msg_gen.dir/topics_sources/vehicle_status.cpp.o[0m
[ 23%] [32mBuilding CXX object CMakeFiles/msg_gen.dir/topics_sources/vision_position_estimate.cpp.o[0m
[ 23%] [32mBuilding CXX object CMakeFiles/msg_gen.dir/topics_sources/vtol_vehicle_status.cpp.o[0m
[ 23%] [32mBuilding CXX object CMakeFiles/msg_gen.dir/topics_sources/wind_estimate.cpp.o[0m
[ 23%] [32mBuilding CXX object CMakeFiles/msg_gen.dir/topics_sources/vehicle_roi.cpp.o[0m
[ 24%] [32m[1mLinking CXX static library /home/swastik/catkin_ws/devel/.private/px4/lib/libmsg_gen.a[0m
[ 24%] Built target msg_gen
[35m[1mScanning dependencies of target platforms__common[0m
[ 24%] [32mBuilding C object src/platforms/common/CMakeFiles/platforms__common.dir/px4_getopt.c.o[0m
[ 24%] [32m[1mLinking C static library /home/swastik/catkin_ws/devel/.private/px4/lib/libplatforms__common.a[0m
[ 24%] Built target platforms__common
[ 24%] [34m[1mGenerating topic_listener.cpp[0m
[ 24%] Built target generate_topic_listener
[35m[1mScanning dependencies of target systemcmds__ver[0m
[ 24%] [32mBuilding C object src/systemcmds/ver/CMakeFiles/systemcmds__ver.dir/ver.c.o[0m
[ 24%] [32m[1mLinking C static library /home/swastik/catkin_ws/devel/.private/px4/lib/libsystemcmds__ver.a[0m
[ 24%] Built target systemcmds__ver
[35m[1mScanning dependencies of target systemcmds__top[0m
[ 24%] [32mBuilding C object src/systemcmds/top/CMakeFiles/systemcmds__top.dir/top.c.o[0m
[ 24%] [32m[1mLinking C static library /home/swastik/catkin_ws/devel/.private/px4/lib/libsystemcmds__top.a[0m
[ 24%] Built target systemcmds__top
[35m[1mScanning dependencies of target systemcmds__motor_ramp[0m
[ 25%] [32mBuilding CXX object src/systemcmds/motor_ramp/CMakeFiles/systemcmds__motor_ramp.dir/motor_ramp.cpp.o[0m
[ 25%] [32m[1mLinking CXX static library /home/swastik/catkin_ws/devel/.private/px4/lib/libsystemcmds__motor_ramp.a[0m
[ 25%] Built target systemcmds__motor_ramp
[35m[1mScanning dependencies of target modules__attitude_estimator_q[0m
[ 25%] [32mBuilding CXX object src/modules/attitude_estimator_q/CMakeFiles/modules__attitude_estimator_q.dir/attitude_estimator_q_main.cpp.o[0m
[ 26%] [32m[1mLinking CXX static library /home/swastik/catkin_ws/devel/.private/px4/lib/libmodules__attitude_estimator_q.a[0m
[ 26%] Built target modules__attitude_estimator_q
[35m[1mScanning dependencies of target modules__commander[0m
[ 26%] [32mBuilding CXX object src/modules/commander/CMakeFiles/modules__commander.dir/commander.cpp.o[0m
[ 26%] [32mBuilding CXX object src/modules/commander/CMakeFiles/modules__commander.dir/state_machine_helper.cpp.o[0m
[ 26%] [32mBuilding CXX object src/modules/commander/CMakeFiles/modules__commander.dir/commander_helper.cpp.o[0m
[ 26%] [32mBuilding CXX object src/modules/commander/CMakeFiles/modules__commander.dir/calibration_routines.cpp.o[0m
[ 27%] [32mBuilding CXX object src/modules/commander/CMakeFiles/modules__commander.dir/accelerometer_calibration.cpp.o[0m
[ 27%] [32mBuilding CXX object src/modules/commander/CMakeFiles/modules__commander.dir/gyro_calibration.cpp.o[0m
[ 27%] [32mBuilding CXX object src/modules/commander/CMakeFiles/modules__commander.dir/mag_calibration.cpp.o[0m
[ 27%] [32mBuilding CXX object src/modules/commander/CMakeFiles/modules__commander.dir/baro_calibration.cpp.o[0m
[ 27%] [32mBuilding CXX object src/modules/commander/CMakeFiles/modules__commander.dir/rc_calibration.cpp.o[0m
[ 28%] [32mBuilding CXX object src/modules/commander/CMakeFiles/modules__commander.dir/airspeed_calibration.cpp.o[0m
[ 28%] [32mBuilding CXX object src/modules/commander/CMakeFiles/modules__commander.dir/esc_calibration.cpp.o[0m
[ 28%] [32mBuilding CXX object src/modules/commander/CMakeFiles/modules__commander.dir/PreflightCheck.cpp.o[0m
[ 28%] [32m[1mLinking CXX static library /home/swastik/catkin_ws/devel/.private/px4/lib/libmodules__commander.a[0m
[ 28%] Built target modules__commander
[35m[1mScanning dependencies of target modules__dataman[0m
[ 28%] [32mBuilding C object src/modules/dataman/CMakeFiles/modules__dataman.dir/dataman.c.o[0m
[ 28%] [32m[1mLinking C static library /home/swastik/catkin_ws/devel/.private/px4/lib/libmodules__dataman.a[0m
[ 28%] Built target modules__dataman
[35m[1mScanning dependencies of target modules__ekf2[0m
[ 28%] [32mBuilding CXX object src/modules/ekf2/CMakeFiles/modules__ekf2.dir/ekf2_main.cpp.o[0m
[ 28%] [32m[1mLinking CXX static library /home/swastik/catkin_ws/devel/.private/px4/lib/libmodules__ekf2.a[0m
[ 28%] Built target modules__ekf2
[35m[1mScanning dependencies of target lib__ecl[0m
[ 28%] [32mBuilding CXX object src/lib/ecl/CMakeFiles/lib__ecl.dir/attitude_fw/ecl_controller.cpp.o[0m
[ 28%] [32mBuilding CXX object src/lib/ecl/CMakeFiles/lib__ecl.dir/attitude_fw/ecl_pitch_controller.cpp.o[0m
[ 29%] [32mBuilding CXX object src/lib/ecl/CMakeFiles/lib__ecl.dir/attitude_fw/ecl_roll_controller.cpp.o[0m
[ 29%] [32mBuilding CXX object src/lib/ecl/CMakeFiles/lib__ecl.dir/attitude_fw/ecl_yaw_controller.cpp.o[0m
[ 29%] [32mBuilding CXX object src/lib/ecl/CMakeFiles/lib__ecl.dir/attitude_fw/ecl_wheel_controller.cpp.o[0m
[ 29%] [32mBuilding CXX object src/lib/ecl/CMakeFiles/lib__ecl.dir/l1/ecl_l1_pos_controller.cpp.o[0m
[ 29%] [32mBuilding CXX object src/lib/ecl/CMakeFiles/lib__ecl.dir/validation/data_validator.cpp.o[0m
[ 30%] [32mBuilding CXX object src/lib/ecl/CMakeFiles/lib__ecl.dir/validation/data_validator_group.cpp.o[0m
[ 30%] [32mBuilding CXX object src/lib/ecl/CMakeFiles/lib__ecl.dir/EKF/estimator_interface.cpp.o[0m
[ 30%] [32mBuilding CXX object src/lib/ecl/CMakeFiles/lib__ecl.dir/EKF/ekf.cpp.o[0m
[ 30%] [32mBuilding CXX object src/lib/ecl/CMakeFiles/lib__ecl.dir/EKF/ekf_helper.cpp.o[0m
[ 30%] [32mBuilding CXX object src/lib/ecl/CMakeFiles/lib__ecl.dir/EKF/covariance.cpp.o[0m
[ 31%] [32mBuilding CXX object src/lib/ecl/CMakeFiles/lib__ecl.dir/EKF/vel_pos_fusion.cpp.o[0m
[ 31%] [32mBuilding CXX object src/lib/ecl/CMakeFiles/lib__ecl.dir/EKF/mag_fusion.cpp.o[0m
[ 31%] [32mBuilding CXX object src/lib/ecl/CMakeFiles/lib__ecl.dir/EKF/gps_checks.cpp.o[0m
[ 31%] [32mBuilding CXX object src/lib/ecl/CMakeFiles/lib__ecl.dir/EKF/airspeed_fusion.cpp.o[0m
[ 31%] [32mBuilding CXX object src/lib/ecl/CMakeFiles/lib__ecl.dir/EKF/optflow_fusion.cpp.o[0m
[ 32%] [32mBuilding CXX object src/lib/ecl/CMakeFiles/lib__ecl.dir/EKF/control.cpp.o[0m
[ 32%] [32mBuilding CXX object src/lib/ecl/CMakeFiles/lib__ecl.dir/EKF/terrain_estimator.cpp.o[0m
[ 32%] [32m[1mLinking CXX static library /home/swastik/catkin_ws/devel/.private/px4/lib/liblib__ecl.a[0m
[ 32%] Built target lib__ecl
[35m[1mScanning dependencies of target modules__land_detector[0m
[35m[1mScanning dependencies of target lib__external_lgpl[0m
[ 32%] [32mBuilding CXX object src/lib/external_lgpl/CMakeFiles/lib__external_lgpl.dir/tecs/tecs.cpp.o[0m
[ 34%] [32mBuilding CXX object src/modules/land_detector/CMakeFiles/modules__land_detector.dir/land_detector_main.cpp.o[0m
[ 34%] [32mBuilding CXX object src/modules/land_detector/CMakeFiles/modules__land_detector.dir/LandDetector.cpp.o[0m
[ 34%] [32m[1mLinking CXX static library /home/swastik/catkin_ws/devel/.private/px4/lib/liblib__external_lgpl.a[0m
[ 34%] [32mBuilding CXX object src/modules/land_detector/CMakeFiles/modules__land_detector.dir/MulticopterLandDetector.cpp.o[0m
[ 34%] Built target lib__external_lgpl
[35m[1mScanning dependencies of target modules__uORB[0m
[ 34%] [32mBuilding CXX object src/modules/uORB/CMakeFiles/modules__uORB.dir/uORBUtils.cpp.o[0m
[ 34%] [32mBuilding CXX object src/modules/land_detector/CMakeFiles/modules__land_detector.dir/FixedwingLandDetector.cpp.o[0m
[ 34%] [32mBuilding CXX object src/modules/land_detector/CMakeFiles/modules__land_detector.dir/VtolLandDetector.cpp.o[0m
[ 34%] [32mBuilding CXX object src/modules/uORB/CMakeFiles/modules__uORB.dir/uORB.cpp.o[0m
[ 35%] [32mBuilding CXX object src/modules/uORB/CMakeFiles/modules__uORB.dir/uORBMain.cpp.o[0m
[ 36%] [32m[1mLinking CXX static library /home/swastik/catkin_ws/devel/.private/px4/lib/libmodules__land_detector.a[0m
[ 36%] Built target modules__land_detector
[35m[1mScanning dependencies of target modules__mavlink[0m
[ 37%] [32mBuilding C object src/modules/mavlink/CMakeFiles/modules__mavlink.dir/mavlink.c.o[0m
[ 37%] [32mBuilding CXX object src/modules/uORB/CMakeFiles/modules__uORB.dir/Publication.cpp.o[0m
[ 37%] [32mBuilding CXX object src/modules/uORB/CMakeFiles/modules__uORB.dir/Subscription.cpp.o[0m
[ 37%] [32mBuilding CXX object src/modules/mavlink/CMakeFiles/modules__mavlink.dir/mavlink_main.cpp.o[0m
[ 37%] [32mBuilding CXX object src/modules/uORB/CMakeFiles/modules__uORB.dir/uORBManager.cpp.o[0m
[35m[1mScanning dependencies of target modules__mc_att_control[0m
[ 37%] [32mBuilding CXX object src/modules/uORB/CMakeFiles/modules__uORB.dir/uORBDevices_posix.cpp.o[0m
[ 37%] [32mBuilding CXX object src/modules/mc_att_control/CMakeFiles/modules__mc_att_control.dir/mc_att_control_main.cpp.o[0m
[ 37%] [32mBuilding CXX object src/modules/mavlink/CMakeFiles/modules__mavlink.dir/mavlink_mission.cpp.o[0m
[ 37%] [32m[1mLinking CXX static library /home/swastik/catkin_ws/devel/.private/px4/lib/libmodules__mc_att_control.a[0m
[ 37%] Built target modules__mc_att_control
[ 37%] [32mBuilding CXX object src/modules/mavlink/CMakeFiles/modules__mavlink.dir/mavlink_parameters.cpp.o[0m
[ 37%] [32mBuilding CXX object src/modules/mavlink/CMakeFiles/modules__mavlink.dir/mavlink_orb_subscription.cpp.o[0m
[ 38%] [32m[1mLinking CXX static library /home/swastik/catkin_ws/devel/.private/px4/lib/libmodules__uORB.a[0m
[ 38%] Built target modules__uORB
[35m[1mScanning dependencies of target modules__mc_pos_control[0m
[ 39%] [32mBuilding CXX object src/modules/mavlink/CMakeFiles/modules__mavlink.dir/mavlink_messages.cpp.o[0m
[ 40%] [32mBuilding CXX object src/modules/mc_pos_control/CMakeFiles/modules__mc_pos_control.dir/mc_pos_control_main.cpp.o[0m
[ 40%] [32mBuilding CXX object src/modules/mavlink/CMakeFiles/modules__mavlink.dir/mavlink_stream.cpp.o[0m
[ 40%] [32mBuilding CXX object src/modules/mavlink/CMakeFiles/modules__mavlink.dir/mavlink_rate_limiter.cpp.o[0m
[ 40%] [32mBuilding CXX object src/modules/mavlink/CMakeFiles/modules__mavlink.dir/mavlink_receiver.cpp.o[0m
[ 40%] [32mBuilding CXX object src/modules/mavlink/CMakeFiles/modules__mavlink.dir/mavlink_ftp.cpp.o[0m
[ 41%] [32mBuilding CXX object src/modules/mavlink/CMakeFiles/modules__mavlink.dir/mavlink_log_handler.cpp.o[0m
[ 41%] [32m[1mLinking CXX static library /home/swastik/catkin_ws/devel/.private/px4/lib/libmodules__mc_pos_control.a[0m
[ 41%] Built target modules__mc_pos_control
[35m[1mScanning dependencies of target modules__navigator[0m
[ 41%] [32mBuilding CXX object src/modules/navigator/CMakeFiles/modules__navigator.dir/navigator_main.cpp.o[0m
[ 41%] [32mBuilding CXX object src/modules/mavlink/CMakeFiles/modules__mavlink.dir/mavlink_shell.cpp.o[0m
[ 41%] [34m[1mGenerating px4_parameters.h, px4_parameters.c[0m
[ 41%] [32mBuilding CXX object src/modules/navigator/CMakeFiles/modules__navigator.dir/navigator_mode.cpp.o[0m
[ 41%] [32m[1mLinking CXX static library /home/swastik/catkin_ws/devel/.private/px4/lib/libmodules__mavlink.a[0m
[ 41%] Built target modules__mavlink
[35m[1mScanning dependencies of target modules__param[0m
[35m[1mScanning dependencies of target modules__position_estimator_inav[0m
[ 41%] [32mBuilding C object src/modules/param/CMakeFiles/modules__param.dir/px4_parameters.c.o[0m
[ 41%] [32mBuilding CXX object src/modules/navigator/CMakeFiles/modules__navigator.dir/mission_block.cpp.o[0m
[ 41%] [32mBuilding CXX object src/modules/position_estimator_inav/CMakeFiles/modules__position_estimator_inav.dir/position_estimator_inav_main.cpp.o[0m
[ 42%] [32mBuilding CXX object src/modules/navigator/CMakeFiles/modules__navigator.dir/mission.cpp.o[0m
[ 43%] [32m[1mLinking C static library /home/swastik/catkin_ws/devel/.private/px4/lib/libmodules__param.a[0m
[ 43%] Built target modules__param
[ 43%] [32mBuilding CXX object src/modules/position_estimator_inav/CMakeFiles/modules__position_estimator_inav.dir/position_estimator_inav_params.cpp.o[0m
[ 43%] [32mBuilding CXX object src/modules/navigator/CMakeFiles/modules__navigator.dir/loiter.cpp.o[0m
[ 43%] [32mBuilding CXX object src/modules/navigator/CMakeFiles/modules__navigator.dir/rtl.cpp.o[0m
[ 43%] [32mBuilding CXX object src/modules/navigator/CMakeFiles/modules__navigator.dir/takeoff.cpp.o[0m
[35m[1mScanning dependencies of target modules__local_position_estimator[0m
[ 43%] [32mBuilding CXX object src/modules/local_position_estimator/CMakeFiles/modules__local_position_estimator.dir/local_position_estimator_main.cpp.o[0m
[ 43%] [32mBuilding CXX object src/modules/navigator/CMakeFiles/modules__navigator.dir/land.cpp.o[0m
[ 43%] [32mBuilding CXX object src/modules/local_position_estimator/CMakeFiles/modules__local_position_estimator.dir/BlockLocalPositionEstimator.cpp.o[0m
[ 43%] [32mBuilding CXX object src/modules/position_estimator_inav/CMakeFiles/modules__position_estimator_inav.dir/inertial_filter.cpp.o[0m
[ 43%] [32m[1mLinking CXX static library /home/swastik/catkin_ws/devel/.private/px4/lib/libmodules__position_estimator_inav.a[0m
[ 43%] Built target modules__position_estimator_inav
[35m[1mScanning dependencies of target modules__replay[0m
[ 44%] [32mBuilding CXX object src/modules/replay/CMakeFiles/modules__replay.dir/replay_main.cpp.o[0m
[ 45%] [32mBuilding CXX object src/modules/navigator/CMakeFiles/modules__navigator.dir/mission_feasibility_checker.cpp.o[0m
[35m[1mScanning dependencies of target modules__sdlog2[0m
[ 45%] [32mBuilding C object src/modules/sdlog2/CMakeFiles/modules__sdlog2.dir/sdlog2.c.o[0m
[ 45%] [32mBuilding CXX object src/modules/navigator/CMakeFiles/modules__navigator.dir/geofence.cpp.o[0m
[ 45%] [32mBuilding CXX object src/modules/navigator/CMakeFiles/modules__navigator.dir/datalinkloss.cpp.o[0m
[ 45%] [32mBuilding CXX object src/modules/local_position_estimator/CMakeFiles/modules__local_position_estimator.dir/sensors/flow.cpp.o[0m
[ 45%] [32mBuilding C object src/modules/sdlog2/CMakeFiles/modules__sdlog2.dir/logbuffer.c.o[0m
[ 45%] [32mBuilding CXX object src/modules/navigator/CMakeFiles/modules__navigator.dir/rcloss.cpp.o[0m
[ 45%] [32m[1mLinking C static library /home/swastik/catkin_ws/devel/.private/px4/lib/libmodules__sdlog2.a[0m
[ 45%] Built target modules__sdlog2
[35m[1mScanning dependencies of target modules__sensors[0m
[ 46%] [32mBuilding CXX object src/modules/sensors/CMakeFiles/modules__sensors.dir/sensors.cpp.o[0m
[ 46%] [32mBuilding CXX object src/modules/navigator/CMakeFiles/modules__navigator.dir/enginefailure.cpp.o[0m
[ 46%] [32m[1mLinking CXX static library /home/swastik/catkin_ws/devel/.private/px4/lib/libmodules__replay.a[0m
[ 46%] Built target modules__replay
[ 46%] [32mBuilding CXX object src/modules/sensors/CMakeFiles/modules__sensors.dir/sensors_init.cpp.o[0m
[ 46%] [32mBuilding CXX object src/modules/local_position_estimator/CMakeFiles/modules__local_position_estimator.dir/sensors/lidar.cpp.o[0m
[ 47%] [32mBuilding CXX object src/modules/navigator/CMakeFiles/modules__navigator.dir/gpsfailure.cpp.o[0m
[ 47%] [32mBuilding CXX object src/modules/navigator/CMakeFiles/modules__navigator.dir/follow_target.cpp.o[0m
[35m[1mScanning dependencies of target modules__simulator[0m
[ 47%] [32mBuilding CXX object src/modules/simulator/CMakeFiles/modules__simulator.dir/simulator.cpp.o[0m
[ 48%] [32mBuilding CXX object src/modules/local_position_estimator/CMakeFiles/modules__local_position_estimator.dir/sensors/sonar.cpp.o[0m
[ 48%] [32m[1mLinking CXX static library /home/swastik/catkin_ws/devel/.private/px4/lib/libmodules__navigator.a[0m
[ 48%] Built target modules__navigator
[35m[1mScanning dependencies of target modules__systemlib[0m
[ 48%] [32mBuilding C object src/modules/systemlib/CMakeFiles/modules__systemlib.dir/perf_counter.c.o[0m
[ 48%] [32m[1mLinking CXX static library /home/swastik/catkin_ws/devel/.private/px4/lib/libmodules__sensors.a[0m
[ 48%] Built target modules__sensors
[ 48%] [32mBuilding CXX object src/modules/local_position_estimator/CMakeFiles/modules__local_position_estimator.dir/sensors/gps.cpp.o[0m
[ 48%] [32mBuilding C object src/modules/systemlib/CMakeFiles/modules__systemlib.dir/conversions.c.o[0m
[ 48%] [32mBuilding C object src/modules/systemlib/CMakeFiles/modules__systemlib.dir/cpuload.c.o[0m
[ 50%] [32mBuilding CXX object src/modules/simulator/CMakeFiles/modules__simulator.dir/simulator_mavlink.cpp.o[0m
[ 51%] [32mBuilding C object src/modules/systemlib/CMakeFiles/modules__systemlib.dir/pid/pid.c.o[0m
[ 51%] [32mBuilding C object src/modules/systemlib/CMakeFiles/modules__systemlib.dir/airspeed.c.o[0m
[ 51%] [32mBuilding C object src/modules/systemlib/CMakeFiles/modules__systemlib.dir/mavlink_log.c.o[0m
[ 51%] [32mBuilding C object src/modules/systemlib/CMakeFiles/modules__systemlib.dir/rc_check.c.o[0m
[ 51%] [32mBuilding C object src/modules/systemlib/CMakeFiles/modules__systemlib.dir/otp.c.o[0m
[ 52%] [32mBuilding C object src/modules/systemlib/CMakeFiles/modules__systemlib.dir/board_serial.c.o[0m
[ 52%] [32mBuilding C object src/modules/systemlib/CMakeFiles/modules__systemlib.dir/pwm_limit/pwm_limit.c.o[0m
[ 52%] [32mBuilding CXX object src/modules/local_position_estimator/CMakeFiles/modules__local_position_estimator.dir/sensors/baro.cpp.o[0m
[ 52%] [32mBuilding C object src/modules/systemlib/CMakeFiles/modules__systemlib.dir/mcu_version.c.o[0m
[ 52%] [32mBuilding C object src/modules/systemlib/CMakeFiles/modules__systemlib.dir/bson/tinybson.c.o[0m
[ 52%] [32mBuilding CXX object src/modules/local_position_estimator/CMakeFiles/modules__local_position_estimator.dir/sensors/vision.cpp.o[0m
[ 52%] [32mBuilding CXX object src/modules/systemlib/CMakeFiles/modules__systemlib.dir/circuit_breaker.cpp.o[0m
[ 52%] [32m[1mLinking CXX static library /home/swastik/catkin_ws/devel/.private/px4/lib/libmodules__simulator.a[0m
[ 52%] Built target modules__simulator
[ 53%] [32mBuilding CXX object src/modules/systemlib/CMakeFiles/modules__systemlib.dir/battery.cpp.o[0m
[35m[1mScanning dependencies of target modules__systemlib__mixer[0m
[ 53%] [32mBuilding CXX object src/modules/systemlib/CMakeFiles/modules__systemlib.dir/hysteresis/hysteresis.cpp.o[0m
[ 53%] [32mBuilding CXX object src/modules/systemlib/mixer/CMakeFiles/modules__systemlib__mixer.dir/mixer.cpp.o[0m
[ 53%] [32mBuilding CXX object src/modules/systemlib/mixer/CMakeFiles/modules__systemlib__mixer.dir/mixer_group.cpp.o[0m
[ 53%] [32mBuilding CXX object src/modules/systemlib/mixer/CMakeFiles/modules__systemlib__mixer.dir/mixer_multirotor.cpp.o[0m
[ 53%] [32mBuilding C object src/modules/systemlib/CMakeFiles/modules__systemlib.dir/param/param.c.o[0m
[ 53%] [32mBuilding CXX object src/modules/local_position_estimator/CMakeFiles/modules__local_position_estimator.dir/sensors/mocap.cpp.o[0m
[ 54%] [32mBuilding CXX object src/modules/systemlib/mixer/CMakeFiles/modules__systemlib__mixer.dir/mixer_simple.cpp.o[0m
[ 54%] [32mBuilding C object src/modules/systemlib/mixer/CMakeFiles/modules__systemlib__mixer.dir/mixer_load.c.o[0m
[ 54%] [32mBuilding C object src/modules/systemlib/CMakeFiles/modules__systemlib.dir/print_load_posix.c.o[0m
[ 54%] [32mBuilding C object src/modules/systemlib/CMakeFiles/modules__systemlib.dir/hx_stream.c.o[0m
[ 54%] [32m[1mLinking CXX static library /home/swastik/catkin_ws/devel/.private/px4/lib/libmodules__systemlib__mixer.a[0m
[ 54%] Built target modules__systemlib__mixer
[35m[1mScanning dependencies of target modules__vtol_att_control[0m
[35m[1mScanning dependencies of target lib__controllib[0m
[ 55%] [32m[1mLinking CXX static library /home/swastik/catkin_ws/devel/.private/px4/lib/libmodules__systemlib.a[0m
[ 55%] [32mBuilding CXX object src/modules/vtol_att_control/CMakeFiles/modules__vtol_att_control.dir/vtol_att_control_main.cpp.o[0m
[ 55%] Built target modules__systemlib
[ 56%] [32mBuilding CXX object src/lib/controllib/CMakeFiles/lib__controllib.dir/blocks.cpp.o[0m
[ 56%] [32mBuilding CXX object src/modules/vtol_att_control/CMakeFiles/modules__vtol_att_control.dir/tiltrotor.cpp.o[0m
[ 57%] [32m[1mLinking CXX static library /home/swastik/catkin_ws/devel/.private/px4/lib/libmodules__local_position_estimator.a[0m
[ 57%] Built target modules__local_position_estimator
[ 57%] [32mBuilding CXX object src/lib/controllib/CMakeFiles/lib__controllib.dir/block/Block.cpp.o[0m
[35m[1mScanning dependencies of target lib__conversion[0m
[ 58%] [32mBuilding CXX object src/lib/conversion/CMakeFiles/lib__conversion.dir/rotation.cpp.o[0m
[ 58%] [32mBuilding CXX object src/modules/vtol_att_control/CMakeFiles/modules__vtol_att_control.dir/vtol_type.cpp.o[0m
[ 58%] [32mBuilding CXX object src/modules/vtol_att_control/CMakeFiles/modules__vtol_att_control.dir/tailsitter.cpp.o[0m
[ 58%] [32mBuilding CXX object src/lib/controllib/CMakeFiles/lib__controllib.dir/block/BlockParam.cpp.o[0m
[ 58%] [32m[1mLinking CXX static library /home/swastik/catkin_ws/devel/.private/px4/lib/liblib__conversion.a[0m
[ 59%] [32mBuilding CXX object src/modules/vtol_att_control/CMakeFiles/modules__vtol_att_control.dir/standard.cpp.o[0m
[ 59%] Built target lib__conversion
[35m[1mScanning dependencies of target lib__DriverFramework__framework[0m
[ 59%] [32mBuilding CXX object src/lib/DriverFramework/framework/CMakeFiles/lib__DriverFramework__framework.dir/px4/df_dummy.cpp.o[0m
[ 59%] [32m[1mLinking CXX static library /home/swastik/catkin_ws/devel/.private/px4/lib/liblib__DriverFramework__framework.a[0m
[ 59%] Built target lib__DriverFramework__framework
[ 59%] [32mBuilding CXX object src/lib/controllib/CMakeFiles/lib__controllib.dir/uorb/blocks.cpp.o[0m
[35m[1mScanning dependencies of target lib__geo[0m
[35m[1mScanning dependencies of target lib__geo_lookup[0m
[ 60%] [32mBuilding C object src/lib/geo/CMakeFiles/lib__geo.dir/geo.c.o[0m
[ 60%] [32mBuilding C object src/lib/geo_lookup/CMakeFiles/lib__geo_lookup.dir/geo_mag_declination.c.o[0m
[ 60%] [32m[1mLinking C static library /home/swastik/catkin_ws/devel/.private/px4/lib/liblib__geo_lookup.a[0m
[ 60%] Built target lib__geo_lookup
[ 60%] [32m[1mLinking CXX static library /home/swastik/catkin_ws/devel/.private/px4/lib/liblib__controllib.a[0m
[35m[1mScanning dependencies of target lib__launchdetection[0m
[ 60%] Built target lib__controllib
[ 60%] [32mBuilding CXX object src/lib/launchdetection/CMakeFiles/lib__launchdetection.dir/LaunchDetector.cpp.o[0m
[35m[1mScanning dependencies of target lib__mathlib[0m
[ 60%] [32mBuilding CXX object src/lib/mathlib/CMakeFiles/lib__mathlib.dir/math/test/test.cpp.o[0m
[ 60%] [32m[1mLinking C static library /home/swastik/catkin_ws/devel/.private/px4/lib/liblib__geo.a[0m
[ 60%] [32m[1mLinking CXX static library /home/swastik/catkin_ws/devel/.private/px4/lib/libmodules__vtol_att_control.a[0m
[ 60%] Built target lib__geo
[ 61%] [32mBuilding CXX object src/lib/launchdetection/CMakeFiles/lib__launchdetection.dir/CatapultLaunchMethod.cpp.o[0m
[ 61%] Built target modules__vtol_att_control
[ 61%] [32mBuilding CXX object src/lib/mathlib/CMakeFiles/lib__mathlib.dir/math/Limits.cpp.o[0m
[35m[1mScanning dependencies of target lib__mathlib__math__filter[0m
[ 62%] [32mBuilding CXX object src/lib/mathlib/math/filter/CMakeFiles/lib__mathlib__math__filter.dir/LowPassFilter2p.cpp.o[0m
[35m[1mScanning dependencies of target lib__rc[0m
[ 62%] [32mBuilding C object src/lib/rc/CMakeFiles/lib__rc.dir/st24.c.o[0m
[ 62%] [32m[1mLinking CXX static library /home/swastik/catkin_ws/devel/.private/px4/lib/liblib__mathlib.a[0m
[ 62%] Built target lib__mathlib
[ 62%] [32m[1mLinking CXX static library /home/swastik/catkin_ws/devel/.private/px4/lib/liblib__launchdetection.a[0m
[ 62%] [32m[1mLinking CXX static library /home/swastik/catkin_ws/devel/.private/px4/lib/liblib__mathlib__math__filter.a[0m
[ 62%] [32mBuilding C object src/lib/rc/CMakeFiles/lib__rc.dir/sumd.c.o[0m
[35m[1mScanning dependencies of target lib__runway_takeoff[0m
[ 62%] Built target lib__mathlib__math__filter
[ 62%] Built target lib__launchdetection
[ 62%] [32mBuilding CXX object src/lib/runway_takeoff/CMakeFiles/lib__runway_takeoff.dir/RunwayTakeoff.cpp.o[0m
[ 62%] [32mBuilding C object src/lib/rc/CMakeFiles/lib__rc.dir/sbus.c.o[0m
[35m[1mScanning dependencies of target lib__tailsitter_recovery[0m
[ 62%] [32mBuilding CXX object src/lib/tailsitter_recovery/CMakeFiles/lib__tailsitter_recovery.dir/tailsitter_recovery.cpp.o[0m
[ 63%] [32mBuilding C object src/lib/rc/CMakeFiles/lib__rc.dir/dsm.c.o[0m
[35m[1mScanning dependencies of target lib__terrain_estimation[0m
[ 63%] [32mBuilding CXX object src/lib/terrain_estimation/CMakeFiles/lib__terrain_estimation.dir/terrain_estimator.cpp.o[0m
[ 63%] [32m[1mLinking C static library /home/swastik/catkin_ws/devel/.private/px4/lib/liblib__rc.a[0m
[ 63%] Built target lib__rc
[35m[1mScanning dependencies of target examples__px4_simple_app[0m
[ 64%] [32m[1mLinking CXX static library /home/swastik/catkin_ws/devel/.private/px4/lib/liblib__runway_takeoff.a[0m
[ 64%] [32mBuilding C object src/examples/px4_simple_app/CMakeFiles/examples__px4_simple_app.dir/px4_simple_app.c.o[0m
[ 64%] Built target lib__runway_takeoff
[35m[1mScanning dependencies of target examples__mc_att_control_multiplatform[0m
[ 64%] [32mBuilding CXX object src/examples/mc_att_control_multiplatform/CMakeFiles/examples__mc_att_control_multiplatform.dir/mc_att_control_main.cpp.o[0m
[ 64%] [32m[1mLinking C static library /home/swastik/catkin_ws/devel/.private/px4/lib/libexamples__px4_simple_app.a[0m
[ 64%] [32m[1mLinking CXX static library /home/swastik/catkin_ws/devel/.private/px4/lib/liblib__tailsitter_recovery.a[0m
[ 64%] Built target examples__px4_simple_app
[ 64%] [32mBuilding CXX object src/examples/mc_att_control_multiplatform/CMakeFiles/examples__mc_att_control_multiplatform.dir/mc_att_control_start_nuttx.cpp.o[0m
[ 64%] Built target lib__tailsitter_recovery
[35m[1mScanning dependencies of target examples__mc_pos_control_multiplatform[0m
[ 64%] [32mBuilding CXX object src/examples/mc_pos_control_multiplatform/CMakeFiles/examples__mc_pos_control_multiplatform.dir/mc_pos_control_main.cpp.o[0m
[ 65%] [32mBuilding CXX object src/examples/mc_att_control_multiplatform/CMakeFiles/examples__mc_att_control_multiplatform.dir/mc_att_control.cpp.o[0m
[ 65%] [32m[1mLinking CXX static library /home/swastik/catkin_ws/devel/.private/px4/lib/liblib__terrain_estimation.a[0m
[ 65%] Built target lib__terrain_estimation
[35m[1mScanning dependencies of target examples__ekf_att_pos_estimator[0m
[ 65%] [32mBuilding CXX object src/examples/ekf_att_pos_estimator/CMakeFiles/examples__ekf_att_pos_estimator.dir/ekf_att_pos_estimator_main.cpp.o[0m
[ 65%] [32mBuilding CXX object src/examples/mc_att_control_multiplatform/CMakeFiles/examples__mc_att_control_multiplatform.dir/mc_att_control_base.cpp.o[0m
[ 65%] [32mBuilding CXX object src/examples/mc_pos_control_multiplatform/CMakeFiles/examples__mc_pos_control_multiplatform.dir/mc_pos_control_start_nuttx.cpp.o[0m
[ 67%] [32mBuilding CXX object src/examples/mc_pos_control_multiplatform/CMakeFiles/examples__mc_pos_control_multiplatform.dir/mc_pos_control.cpp.o[0m
[35m[1mScanning dependencies of target examples__attitude_estimator_ekf[0m
[ 68%] [32mBuilding CXX object src/examples/attitude_estimator_ekf/CMakeFiles/examples__attitude_estimator_ekf.dir/attitude_estimator_ekf_main.cpp.o[0m
[ 69%] [32mBuilding CXX object src/examples/ekf_att_pos_estimator/CMakeFiles/examples__ekf_att_pos_estimator.dir/estimator_22states.cpp.o[0m
[ 69%] [32m[1mLinking CXX static library /home/swastik/catkin_ws/devel/.private/px4/lib/libexamples__mc_att_control_multiplatform.a[0m
[ 69%] Built target examples__mc_att_control_multiplatform
[ 69%] [32mBuilding C object src/examples/attitude_estimator_ekf/CMakeFiles/examples__attitude_estimator_ekf.dir/codegen/AttitudeEKF.c.o[0m
[ 69%] [32mBuilding CXX object src/examples/ekf_att_pos_estimator/CMakeFiles/examples__ekf_att_pos_estimator.dir/estimator_utilities.cpp.o[0m
[35m[1mScanning dependencies of target drivers__sf0x__sf0x_tests[0m
[ 69%] [32mBuilding CXX object src/drivers/sf0x/sf0x_tests/CMakeFiles/drivers__sf0x__sf0x_tests.dir/SF0XTest.cpp.o[0m
[ 69%] [32mBuilding CXX object src/drivers/sf0x/sf0x_tests/CMakeFiles/drivers__sf0x__sf0x_tests.dir/__/sf0x_parser.cpp.o[0m
[ 69%] [32m[1mLinking CXX static library /home/swastik/catkin_ws/devel/.private/px4/lib/libdrivers__sf0x__sf0x_tests.a[0m
[ 69%] Built target drivers__sf0x__sf0x_tests
[35m[1mScanning dependencies of target lib__rc__rc_tests[0m
[ 69%] [32mBuilding CXX object src/lib/rc/rc_tests/CMakeFiles/lib__rc__rc_tests.dir/RCTest.cpp.o[0m
[ 69%] [32m[1mLinking CXX static library /home/swastik/catkin_ws/devel/.private/px4/lib/libexamples__attitude_estimator_ekf.a[0m
[ 69%] Built target examples__attitude_estimator_ekf
[35m[1mScanning dependencies of target modules__commander__commander_tests[0m
[ 69%] [32mBuilding CXX object src/modules/commander/commander_tests/CMakeFiles/modules__commander__commander_tests.dir/commander_tests.cpp.o[0m
[ 69%] [32m[1mLinking CXX static library /home/swastik/catkin_ws/devel/.private/px4/lib/liblib__rc__rc_tests.a[0m
[ 69%] [32m[1mLinking CXX static library /home/swastik/catkin_ws/devel/.private/px4/lib/libexamples__mc_pos_control_multiplatform.a[0m
[ 69%] Built target lib__rc__rc_tests
[ 70%] [32mBuilding CXX object src/modules/commander/commander_tests/CMakeFiles/modules__commander__commander_tests.dir/state_machine_helper_test.cpp.o[0m
[ 70%] Built target examples__mc_pos_control_multiplatform
[35m[1mScanning dependencies of target modules__controllib_test[0m
[35m[1mScanning dependencies of target modules__unit_test[0m
[ 70%] [32mBuilding CXX object src/modules/controllib_test/CMakeFiles/modules__controllib_test.dir/controllib_test_main.cpp.o[0m
[ 70%] [32mBuilding CXX object src/modules/unit_test/CMakeFiles/modules__unit_test.dir/unit_test.cpp.o[0m
[ 71%] [32mBuilding CXX object src/modules/commander/commander_tests/CMakeFiles/modules__commander__commander_tests.dir/__/state_machine_helper.cpp.o[0m
[ 71%] [32m[1mLinking CXX static library /home/swastik/catkin_ws/devel/.private/px4/lib/libmodules__unit_test.a[0m
[ 71%] Built target modules__unit_test
[35m[1mScanning dependencies of target modules__uORB__uORB_tests[0m
[ 71%] [32mBuilding CXX object src/modules/uORB/uORB_tests/CMakeFiles/modules__uORB__uORB_tests.dir/uORB_tests_main.cpp.o[0m
[ 71%] [32mBuilding CXX object src/modules/commander/commander_tests/CMakeFiles/modules__commander__commander_tests.dir/__/PreflightCheck.cpp.o[0m
[ 71%] [32mBuilding CXX object src/modules/uORB/uORB_tests/CMakeFiles/modules__uORB__uORB_tests.dir/uORBTest_UnitTest.cpp.o[0m
[ 72%] [32m[1mLinking CXX static library /home/swastik/catkin_ws/devel/.private/px4/lib/libmodules__controllib_test.a[0m
[ 72%] Built target modules__controllib_test
[ 72%] [32m[1mLinking CXX static library /home/swastik/catkin_ws/devel/.private/px4/lib/libmodules__commander__commander_tests.a[0m
[35m[1mScanning dependencies of target systemcmds__tests[0m
[ 72%] Built target modules__commander__commander_tests
[35m[1mScanning dependencies of target drivers__boards__sitl[0m
[ 72%] [32mBuilding C object src/drivers/boards/sitl/CMakeFiles/drivers__boards__sitl.dir/sitl_led.c.o[0m
[ 72%] [32m[1mLinking C static library /home/swastik/catkin_ws/devel/.private/px4/lib/libdrivers__boards__sitl.a[0m
[ 73%] [32mBuilding C object src/systemcmds/tests/CMakeFiles/systemcmds__tests.dir/test_adc.c.o[0m
[ 73%] [32m[1mLinking CXX static library /home/swastik/catkin_ws/devel/.private/px4/lib/libmodules__uORB__uORB_tests.a[0m
[ 73%] Built target drivers__boards__sitl
[35m[1mScanning dependencies of target drivers__device[0m
[ 73%] Built target modules__uORB__uORB_tests
[ 73%] [32mBuilding CXX object src/systemcmds/tests/CMakeFiles/systemcmds__tests.dir/test_autodeclination.cpp.o[0m
[35m[1mScanning dependencies of target drivers__gps[0m
[ 74%] [32mBuilding CXX object src/drivers/device/CMakeFiles/drivers__device.dir/ringbuffer.cpp.o[0m
[ 74%] [32mBuilding CXX object src/drivers/gps/CMakeFiles/drivers__gps.dir/gps.cpp.o[0m
[ 74%] [32mBuilding CXX object src/systemcmds/tests/CMakeFiles/systemcmds__tests.dir/test_hysteresis.cpp.o[0m
[ 74%] [32mBuilding CXX object src/drivers/device/CMakeFiles/drivers__device.dir/integrator.cpp.o[0m
[ 74%] [32mBuilding C object src/systemcmds/tests/CMakeFiles/systemcmds__tests.dir/test_bson.c.o[0m
[ 75%] [32mBuilding CXX object src/drivers/gps/CMakeFiles/drivers__gps.dir/devices/src/gps_helper.cpp.o[0m
[ 75%] [32mBuilding CXX object src/drivers/device/CMakeFiles/drivers__device.dir/device_posix.cpp.o[0m
[ 75%] [32mBuilding CXX object src/systemcmds/tests/CMakeFiles/systemcmds__tests.dir/test_conv.cpp.o[0m
[ 75%] [32mBuilding CXX object src/drivers/gps/CMakeFiles/drivers__gps.dir/devices/src/mtk.cpp.o[0m
[ 75%] [32mBuilding CXX object src/drivers/device/CMakeFiles/drivers__device.dir/vdev.cpp.o[0m
[ 76%] [32mBuilding C object src/systemcmds/tests/CMakeFiles/systemcmds__tests.dir/test_file.c.o[0m
[ 76%] [32mBuilding CXX object src/drivers/gps/CMakeFiles/drivers__gps.dir/devices/src/ashtech.cpp.o[0m
[ 76%] [32mBuilding C object src/systemcmds/tests/CMakeFiles/systemcmds__tests.dir/test_file2.c.o[0m
[ 76%] [32mBuilding CXX object src/drivers/device/CMakeFiles/drivers__device.dir/vfile.cpp.o[0m
[ 76%] [32mBuilding CXX object src/systemcmds/tests/CMakeFiles/systemcmds__tests.dir/test_float.cpp.o[0m
[ 77%] [32mBuilding CXX object src/drivers/device/CMakeFiles/drivers__device.dir/vdev_posix.cpp.o[0m
[ 77%] [32mBuilding CXX object src/drivers/gps/CMakeFiles/drivers__gps.dir/devices/src/ubx.cpp.o[0m
[ 77%] [32mBuilding C object src/systemcmds/tests/CMakeFiles/systemcmds__tests.dir/test_gpio.c.o[0m
[ 77%] [32mBuilding C object src/systemcmds/tests/CMakeFiles/systemcmds__tests.dir/test_hott_telemetry.c.o[0m
[ 77%] [32mBuilding CXX object src/drivers/device/CMakeFiles/drivers__device.dir/i2c_posix.cpp.o[0m
[ 78%] [32mBuilding C object src/systemcmds/tests/CMakeFiles/systemcmds__tests.dir/test_hrt.c.o[0m
[ 78%] [32mBuilding CXX object src/systemcmds/tests/CMakeFiles/systemcmds__tests.dir/test_int.cpp.o[0m
[ 78%] [32m[1mLinking CXX static library /home/swastik/catkin_ws/devel/.private/px4/lib/libdrivers__gps.a[0m
[ 78%] Built target drivers__gps
[ 78%] [32mBuilding C object src/systemcmds/tests/CMakeFiles/systemcmds__tests.dir/test_jig_voltages.c.o[0m
[35m[1mScanning dependencies of target drivers__pwm_out_sim[0m
[ 78%] [32mBuilding CXX object src/drivers/device/CMakeFiles/drivers__device.dir/sim.cpp.o[0m
[ 79%] [32mBuilding CXX object src/drivers/pwm_out_sim/CMakeFiles/drivers__pwm_out_sim.dir/pwm_out_sim.cpp.o[0m
[ 79%] [32mBuilding C object src/systemcmds/tests/CMakeFiles/systemcmds__tests.dir/test_led.c.o[0m
[ 79%] [32m[1mLinking CXX static library /home/swastik/catkin_ws/devel/.private/px4/lib/libdrivers__device.a[0m
[ 79%] Built target drivers__device
[ 79%] [32mBuilding CXX object src/systemcmds/tests/CMakeFiles/systemcmds__tests.dir/test_mathlib.cpp.o[0m
[35m[1mScanning dependencies of target drivers__vmount[0m
[ 80%] [32mBuilding CXX object src/drivers/vmount/CMakeFiles/drivers__vmount.dir/input.cpp.o[0m
[ 80%] [32m[1mLinking CXX static library /home/swastik/catkin_ws/devel/.private/px4/lib/libdrivers__pwm_out_sim.a[0m
[ 80%] [32mBuilding CXX object src/drivers/vmount/CMakeFiles/drivers__vmount.dir/input_mavlink.cpp.o[0m
[ 80%] Built target drivers__pwm_out_sim
[35m[1mScanning dependencies of target platforms__posix__drivers__accelsim[0m
[ 80%] [32mBuilding CXX object src/platforms/posix/drivers/accelsim/CMakeFiles/platforms__posix__drivers__accelsim.dir/accelsim.cpp.o[0m
[ 80%] [32mBuilding CXX object src/drivers/vmount/CMakeFiles/drivers__vmount.dir/input_rc.cpp.o[0m
[ 80%] [32m[1mLinking CXX static library /home/swastik/catkin_ws/devel/.private/px4/lib/libexamples__ekf_att_pos_estimator.a[0m
[ 80%] [32mBuilding CXX object src/drivers/vmount/CMakeFiles/drivers__vmount.dir/input_test.cpp.o[0m
[ 80%] Built target examples__ekf_att_pos_estimator
[35m[1mScanning dependencies of target platforms__posix__drivers__adcsim[0m
[ 81%] [32mBuilding CXX object src/platforms/posix/drivers/adcsim/CMakeFiles/platforms__posix__drivers__adcsim.dir/adcsim.cpp.o[0m
[ 81%] [32mBuilding CXX object src/drivers/vmount/CMakeFiles/drivers__vmount.dir/output.cpp.o[0m
[ 81%] [32m[1mLinking CXX static library /home/swastik/catkin_ws/devel/.private/px4/lib/libplatforms__posix__drivers__adcsim.a[0m
[ 81%] [32m[1mLinking CXX static library /home/swastik/catkin_ws/devel/.private/px4/lib/libplatforms__posix__drivers__accelsim.a[0m
[ 82%] [32mBuilding CXX object src/drivers/vmount/CMakeFiles/drivers__vmount.dir/output_mavlink.cpp.o[0m
[ 82%] Built target platforms__posix__drivers__adcsim
[ 84%] [32mBuilding CXX object src/systemcmds/tests/CMakeFiles/systemcmds__tests.dir/test_matrix.cpp.o[0m
[ 84%] Built target platforms__posix__drivers__accelsim
[ 84%] [32mBuilding CXX object src/systemcmds/tests/CMakeFiles/systemcmds__tests.dir/test_mixer.cpp.o[0m
[35m[1mScanning dependencies of target platforms__posix__drivers__airspeedsim[0m
[ 84%] [32mBuilding CXX object src/platforms/posix/drivers/airspeedsim/CMakeFiles/platforms__posix__drivers__airspeedsim.dir/airspeedsim.cpp.o[0m
[ 84%] [32mBuilding CXX object src/drivers/vmount/CMakeFiles/drivers__vmount.dir/output_rc.cpp.o[0m
[ 84%] [32mBuilding CXX object src/drivers/vmount/CMakeFiles/drivers__vmount.dir/vmount.cpp.o[0m
[ 84%] [32mBuilding C object src/drivers/vmount/CMakeFiles/drivers__vmount.dir/vmount_params.c.o[0m
[ 84%] [32mBuilding CXX object src/platforms/posix/drivers/airspeedsim/CMakeFiles/platforms__posix__drivers__airspeedsim.dir/meas_airspeed_sim.cpp.o[0m
[ 84%] [32m[1mLinking CXX static library /home/swastik/catkin_ws/devel/.private/px4/lib/libdrivers__vmount.a[0m
[ 85%] [32m[1mLinking CXX static library /home/swastik/catkin_ws/devel/.private/px4/lib/libplatforms__posix__drivers__airspeedsim.a[0m
[35m[1mScanning dependencies of target platforms__posix__drivers__barosim[0m
[ 85%] Built target drivers__vmount
[ 85%] Built target platforms__posix__drivers__airspeedsim
[35m[1mScanning dependencies of target platforms__posix__drivers__gpssim[0m
[ 85%] [32mBuilding C object src/systemcmds/tests/CMakeFiles/systemcmds__tests.dir/test_mount.c.o[0m
[ 85%] [32mBuilding CXX object src/platforms/posix/drivers/barosim/CMakeFiles/platforms__posix__drivers__barosim.dir/baro.cpp.o[0m
[ 85%] [32mBuilding CXX object src/platforms/posix/drivers/gpssim/CMakeFiles/platforms__posix__drivers__gpssim.dir/gpssim.cpp.o[0m
[ 85%] [32mBuilding C object src/systemcmds/tests/CMakeFiles/systemcmds__tests.dir/test_params.c.o[0m
[ 85%] [32mBuilding C object src/systemcmds/tests/CMakeFiles/systemcmds__tests.dir/test_perf.c.o[0m
[ 86%] [32mBuilding C object src/systemcmds/tests/CMakeFiles/systemcmds__tests.dir/test_ppm_loopback.c.o[0m
[ 86%] [32mBuilding C object src/systemcmds/tests/CMakeFiles/systemcmds__tests.dir/test_rc.c.o[0m
[ 86%] [32m[1mLinking CXX static library /home/swastik/catkin_ws/devel/.private/px4/lib/libplatforms__posix__drivers__gpssim.a[0m
[ 86%] [32mBuilding C object src/systemcmds/tests/CMakeFiles/systemcmds__tests.dir/test_sensors.c.o[0m
[ 86%] [32m[1mLinking CXX static library /home/swastik/catkin_ws/devel/.private/px4/lib/libplatforms__posix__drivers__barosim.a[0m
[ 86%] Built target platforms__posix__drivers__gpssim
[ 86%] Built target platforms__posix__drivers__barosim
[35m[1mScanning dependencies of target platforms__posix__drivers__gyrosim[0m
[35m[1mScanning dependencies of target platforms__posix__drivers__ledsim[0m
[ 87%] [32mBuilding CXX object src/platforms/posix/drivers/gyrosim/CMakeFiles/platforms__posix__drivers__gyrosim.dir/gyrosim.cpp.o[0m
[ 87%] [32mBuilding CXX object src/platforms/posix/drivers/ledsim/CMakeFiles/platforms__posix__drivers__ledsim.dir/led.cpp.o[0m
[ 87%] [32mBuilding C object src/systemcmds/tests/CMakeFiles/systemcmds__tests.dir/test_servo.c.o[0m
[ 87%] [32mBuilding C object src/systemcmds/tests/CMakeFiles/systemcmds__tests.dir/test_sleep.c.o[0m
[ 87%] [32m[1mLinking CXX static library /home/swastik/catkin_ws/devel/.private/px4/lib/libplatforms__posix__drivers__ledsim.a[0m
[ 88%] [32mBuilding C object src/systemcmds/tests/CMakeFiles/systemcmds__tests.dir/test_uart_baudchange.c.o[0m
[ 88%] Built target platforms__posix__drivers__ledsim
[35m[1mScanning dependencies of target platforms__posix__drivers__rgbledsim[0m
[ 88%] [32mBuilding C object src/systemcmds/tests/CMakeFiles/systemcmds__tests.dir/test_uart_console.c.o[0m
[ 88%] [32mBuilding CXX object src/platforms/posix/drivers/rgbledsim/CMakeFiles/platforms__posix__drivers__rgbledsim.dir/rgbled.cpp.o[0m
[ 88%] [32mBuilding C object src/systemcmds/tests/CMakeFiles/systemcmds__tests.dir/test_uart_loopback.c.o[0m
[ 88%] [32mBuilding C object src/systemcmds/tests/CMakeFiles/systemcmds__tests.dir/test_uart_send.c.o[0m
[ 89%] [32m[1mLinking CXX static library /home/swastik/catkin_ws/devel/.private/px4/lib/libplatforms__posix__drivers__rgbledsim.a[0m
[ 89%] Built target platforms__posix__drivers__rgbledsim
[ 89%] [32mBuilding C object src/systemcmds/tests/CMakeFiles/systemcmds__tests.dir/tests_main.c.o[0m
[35m[1mScanning dependencies of target platforms__posix__drivers__tonealrmsim[0m
[ 89%] [32mBuilding CXX object src/platforms/posix/drivers/tonealrmsim/CMakeFiles/platforms__posix__drivers__tonealrmsim.dir/tone_alarm.cpp.o[0m
[35m[1mScanning dependencies of target platforms__posix__px4_layer[0m
[ 89%] [32m[1mLinking CXX static library /home/swastik/catkin_ws/devel/.private/px4/lib/libplatforms__posix__drivers__gyrosim.a[0m
[ 89%] Built target platforms__posix__drivers__gyrosim
[ 90%] [32m[1mLinking CXX static library /home/swastik/catkin_ws/devel/.private/px4/lib/libsystemcmds__tests.a[0m
[ 90%] [32mBuilding CXX object src/platforms/posix/px4_layer/CMakeFiles/platforms__posix__px4_layer.dir/px4_posix_impl.cpp.o[0m
[35m[1mScanning dependencies of target platforms__posix__work_queue[0m
[ 90%] Built target systemcmds__tests
[ 91%] [32mBuilding C object src/platforms/posix/work_queue/CMakeFiles/platforms__posix__work_queue.dir/hrt_thread.c.o[0m
[35m[1mScanning dependencies of target systemcmds__esc_calib[0m
[ 92%] [32mBuilding C object src/systemcmds/esc_calib/CMakeFiles/systemcmds__esc_calib.dir/esc_calib.c.o[0m
[ 92%] [32mBuilding CXX object src/platforms/posix/px4_layer/CMakeFiles/platforms__posix__px4_layer.dir/px4_posix_tasks.cpp.o[0m
[ 92%] [32mBuilding C object src/platforms/posix/work_queue/CMakeFiles/platforms__posix__work_queue.dir/hrt_queue.c.o[0m
[ 92%] [32m[1mLinking CXX static library /home/swastik/catkin_ws/devel/.private/px4/lib/libplatforms__posix__drivers__tonealrmsim.a[0m
[ 92%] Built target platforms__posix__drivers__tonealrmsim
[ 92%] [32mBuilding C object src/platforms/posix/work_queue/CMakeFiles/platforms__posix__work_queue.dir/hrt_work_cancel.c.o[0m
[35m[1mScanning dependencies of target systemcmds__mixer[0m
[ 92%] [32m[1mLinking C static library /home/swastik/catkin_ws/devel/.private/px4/lib/libsystemcmds__esc_calib.a[0m
[ 92%] Built target systemcmds__esc_calib
[ 92%] [32mBuilding CXX object src/systemcmds/mixer/CMakeFiles/systemcmds__mixer.dir/mixer.cpp.o[0m
[35m[1mScanning dependencies of target systemcmds__param[0m
[ 92%] [32mBuilding C object src/platforms/posix/work_queue/CMakeFiles/platforms__posix__work_queue.dir/work_thread.c.o[0m
[ 92%] [32mBuilding C object src/systemcmds/param/CMakeFiles/systemcmds__param.dir/param.c.o[0m
[ 92%] [32m[1mLinking CXX static library /home/swastik/catkin_ws/devel/.private/px4/lib/libsystemcmds__mixer.a[0m
[ 92%] [32mBuilding C object src/platforms/posix/work_queue/CMakeFiles/platforms__posix__work_queue.dir/work_lock.c.o[0m
[ 92%] Built target systemcmds__mixer
[ 93%] [32mBuilding CXX object src/platforms/posix/px4_layer/CMakeFiles/platforms__posix__px4_layer.dir/px4_sem.cpp.o[0m
[35m[1mScanning dependencies of target systemcmds__perf[0m
[ 94%] [32mBuilding C object src/platforms/posix/work_queue/CMakeFiles/platforms__posix__work_queue.dir/work_queue.c.o[0m
[ 94%] [32mBuilding C object src/systemcmds/perf/CMakeFiles/systemcmds__perf.dir/perf.c.o[0m
[ 94%] [32m[1mLinking C static library /home/swastik/catkin_ws/devel/.private/px4/lib/libsystemcmds__param.a[0m
[ 94%] Built target systemcmds__param
[ 94%] [32mBuilding C object src/platforms/posix/work_queue/CMakeFiles/platforms__posix__work_queue.dir/work_cancel.c.o[0m
[35m[1mScanning dependencies of target systemcmds__reboot[0m
[ 95%] [32m[1mLinking C static library /home/swastik/catkin_ws/devel/.private/px4/lib/libsystemcmds__perf.a[0m
[ 95%] [32mBuilding C object src/platforms/posix/px4_layer/CMakeFiles/platforms__posix__px4_layer.dir/lib_crc32.c.o[0m
[ 95%] [32mBuilding C object src/systemcmds/reboot/CMakeFiles/systemcmds__reboot.dir/reboot.c.o[0m
[ 95%] Built target systemcmds__perf
[35m[1mScanning dependencies of target systemcmds__sd_bench[0m
[ 95%] [32mBuilding C object src/platforms/posix/px4_layer/CMakeFiles/platforms__posix__px4_layer.dir/drv_hrt.c.o[0m
[ 95%] [32mBuilding C object src/platforms/posix/work_queue/CMakeFiles/platforms__posix__work_queue.dir/queue.c.o[0m
[ 95%] [32mBuilding C object src/systemcmds/sd_bench/CMakeFiles/systemcmds__sd_bench.dir/sd_bench.c.o[0m
[ 95%] [32m[1mLinking C static library /home/swastik/catkin_ws/devel/.private/px4/lib/libsystemcmds__reboot.a[0m
[ 95%] Built target systemcmds__reboot
[ 95%] [32mBuilding C object src/platforms/posix/work_queue/CMakeFiles/platforms__posix__work_queue.dir/dq_addlast.c.o[0m
[35m[1mScanning dependencies of target systemcmds__topic_listener[0m
[ 95%] [32mBuilding CXX object src/systemcmds/topic_listener/CMakeFiles/systemcmds__topic_listener.dir/topic_listener.cpp.o[0m
[ 95%] [32mBuilding C object src/platforms/posix/work_queue/CMakeFiles/platforms__posix__work_queue.dir/dq_remfirst.c.o[0m
[ 95%] [32m[1mLinking C static library /home/swastik/catkin_ws/devel/.private/px4/lib/libsystemcmds__sd_bench.a[0m
[ 95%] [32mBuilding C object src/platforms/posix/px4_layer/CMakeFiles/platforms__posix__px4_layer.dir/px4_log.c.o[0m
[ 96%] [32mBuilding C object src/platforms/posix/work_queue/CMakeFiles/platforms__posix__work_queue.dir/sq_addlast.c.o[0m
[ 96%] Built target systemcmds__sd_bench
[ 96%] [32mBuilding C object src/platforms/posix/work_queue/CMakeFiles/platforms__posix__work_queue.dir/sq_remfirst.c.o[0m
[35m[1mScanning dependencies of target modules__fw_att_control[0m
[ 96%] [32mBuilding C object src/platforms/posix/work_queue/CMakeFiles/platforms__posix__work_queue.dir/sq_addafter.c.o[0m
[ 97%] [32mBuilding CXX object src/modules/fw_att_control/CMakeFiles/modules__fw_att_control.dir/fw_att_control_main.cpp.o[0m
[ 97%] [32m[1mLinking CXX static library /home/swastik/catkin_ws/devel/.private/px4/lib/libplatforms__posix__px4_layer.a[0m
[ 97%] Built target platforms__posix__px4_layer
[ 97%] [32mBuilding C object src/platforms/posix/work_queue/CMakeFiles/platforms__posix__work_queue.dir/dq_rem.c.o[0m
[35m[1mScanning dependencies of target modules__fw_pos_control_l1[0m
[ 97%] [32m[1mLinking C static library /home/swastik/catkin_ws/devel/.private/px4/lib/libplatforms__posix__work_queue.a[0m
[ 97%] [32mBuilding CXX object src/modules/fw_pos_control_l1/CMakeFiles/modules__fw_pos_control_l1.dir/fw_pos_control_l1_main.cpp.o[0m
[ 97%] Built target platforms__posix__work_queue
[35m[1mScanning dependencies of target modules__logger[0m
[ 97%] [32mBuilding CXX object src/modules/logger/CMakeFiles/modules__logger.dir/logger.cpp.o[0m
[ 97%] [32m[1mLinking CXX static library /home/swastik/catkin_ws/devel/.private/px4/lib/libmodules__fw_att_control.a[0m
[ 97%] Built target modules__fw_att_control
[ 97%] [32mBuilding CXX object src/modules/logger/CMakeFiles/modules__logger.dir/log_writer.cpp.o[0m
[ 97%] [32mBuilding CXX object src/modules/fw_pos_control_l1/CMakeFiles/modules__fw_pos_control_l1.dir/landingslope.cpp.o[0m
[ 97%] [32m[1mLinking CXX static library /home/swastik/catkin_ws/devel/.private/px4/lib/libmodules__logger.a[0m
[ 97%] Built target modules__logger
[ 97%] [32m[1mLinking CXX static library /home/swastik/catkin_ws/devel/.private/px4/lib/libmodules__fw_pos_control_l1.a[0m
[ 97%] Built target modules__fw_pos_control_l1
[ 98%] [32m[1mLinking CXX static library /home/swastik/catkin_ws/devel/.private/px4/lib/libsystemcmds__topic_listener.a[0m
[ 98%] Built target systemcmds__topic_listener
[35m[1mScanning dependencies of target px4[0m
[100%] [32mBuilding CXX object src/firmware/posix/CMakeFiles/px4.dir/__/__/platforms/posix/main.cpp.o[0m
[100%] [32m[1mLinking CXX executable /home/swastik/catkin_ws/devel/.private/px4/lib/px4/px4[0m
[100%] Built target px4
