[  0%] Built target prebuild_targets
[  0%] Built target git_gencpp
[  1%] Built target git_genmsg
[  1%] Built target git_mavlink
[  1%] Built target git_uavcan
[  3%] Built target df_driver_framework
[  3%] Built target git_matrix
[  3%] Built target git_driverframework
[  3%] Built target git_jmavsim
[  3%] Built target git_ecl
[  4%] Built target xml_gen
[  4%] Built target git_gazebo
[  4%] Built target mixer_gen
[  5%] [34m[1mGenerating uORB topic headers[0m
[  5%] [34m[1mGenerating uORB topic multi headers for posix[0m
[  5%] [34m[1mGenerating uORB topic headers[0m
[  5%] [34m[1mGenerating uORB topic multi headers for posix[0m
[ 24%] Built target msg_gen
[ 24%] Built target generate_topic_listener
[ 24%] Built target platforms__common
[ 24%] Built target drivers__boards__sitl
[ 26%] Built target drivers__device
[ 34%] Built target systemcmds__tests
[ 36%] Built target drivers__vmount
[ 37%] Built target drivers__pwm_out_sim
[ 38%] Built target drivers__gps
[ 39%] Built target platforms__posix__drivers__adcsim
[ 39%] Built target platforms__posix__drivers__accelsim
[ 40%] Built target platforms__posix__drivers__airspeedsim
[ 40%] Built target platforms__posix__drivers__ledsim
[ 40%] Built target platforms__posix__drivers__barosim
[ 40%] Built target platforms__posix__drivers__gpssim
[ 41%] Built target platforms__posix__drivers__gyrosim
[ 42%] Built target platforms__posix__drivers__rgbledsim
[ 43%] Built target platforms__posix__px4_layer
[ 43%] Built target platforms__posix__drivers__tonealrmsim
[ 46%] Built target platforms__posix__work_queue
[ 46%] Built target systemcmds__mixer
[ 46%] Built target systemcmds__param
[ 47%] Built target systemcmds__esc_calib
[ 48%] Built target systemcmds__perf
[ 48%] Built target systemcmds__ver
[ 48%] Built target systemcmds__sd_bench
[ 48%] Built target systemcmds__reboot
[ 50%] Built target systemcmds__topic_listener
[ 50%] Built target systemcmds__top
[ 51%] Built target systemcmds__motor_ramp
[ 52%] Built target modules__attitude_estimator_q
[ 52%] Built target modules__dataman
[ 52%] Built target modules__ekf2
[ 54%] Built target modules__commander
[ 54%] Built target lib__external_lgpl
[ 56%] Built target modules__uORB
[ 58%] Built target modules__land_detector
[ 62%] Built target lib__ecl
[ 62%] Built target modules__mc_att_control
[ 63%] Built target modules__mc_pos_control
[ 67%] Built target modules__navigator
[ 68%] Built target modules__param
[ 68%] Built target modules__position_estimator_inav
[ 71%] Built target modules__mavlink
[ 71%] Built target modules__sdlog2
[ 72%] Built target modules__sensors
[ 73%] Built target modules__replay
[ 74%] Built target modules__simulator
[ 76%] Built target modules__local_position_estimator
[ 77%] Built target modules__systemlib__mixer
[ 78%] Built target lib__controllib
[ 79%] Built target modules__vtol_att_control
[ 84%] Built target modules__systemlib
[ 85%] Built target lib__geo
[ 85%] Built target lib__geo_lookup
[ 86%] Built target lib__conversion
[ 86%] Built target lib__DriverFramework__framework
[ 87%] Built target lib__mathlib__math__filter
[ 88%] Built target lib__launchdetection
[ 88%] Built target lib__mathlib
[ 89%] Built target lib__rc
[ 89%] Built target lib__terrain_estimation
[ 90%] Built target lib__runway_takeoff
[ 90%] Built target lib__tailsitter_recovery
[ 90%] Built target examples__px4_simple_app
[ 91%] Built target examples__mc_pos_control_multiplatform
[ 92%] Built target examples__mc_att_control_multiplatform
[ 93%] Built target examples__ekf_att_pos_estimator
[ 94%] Built target examples__attitude_estimator_ekf
[ 94%] Built target lib__rc__rc_tests
[ 95%] Built target modules__controllib_test
[ 95%] Built target drivers__sf0x__sf0x_tests
[ 96%] Built target modules__commander__commander_tests
[ 96%] Built target modules__fw_pos_control_l1
[ 96%] Built target modules__uORB__uORB_tests
[ 97%] Built target modules__fw_att_control
[ 98%] Built target modules__unit_test
[ 98%] Built target modules__logger
[100%] Built target px4
