[  1%] Built target git_genmsg
[  1%] Built target prebuild_targets
[  1%] Built target git_gencpp
[  3%] Built target df_driver_framework
[  3%] Built target git_mavlink
[  3%] Built target git_uavcan
[  3%] Built target git_matrix
[  3%] Built target git_jmavsim
[  3%] Built target git_driverframework
[  3%] Built target git_ecl
[  4%] Built target xml_gen
[  4%] Built target git_gazebo
[  4%] Built target mixer_gen
[  5%] [34m[1mGenerating uORB topic headers[0m
[  5%] [34m[1mGenerating uORB topic multi headers for posix[0m
[  5%] [34m[1mGenerating uORB topic headers[0m
[  5%] [34m[1mGenerating uORB topic multi headers for posix[0m
[ 24%] Built target msg_gen
[ 24%] Built target platforms__common
[ 24%] Built target generate_topic_listener
[ 24%] Built target systemcmds__ver
[ 24%] Built target systemcmds__top
[ 25%] Built target systemcmds__motor_ramp
[ 26%] Built target modules__attitude_estimator_q
[ 28%] Built target modules__commander
[ 28%] Built target modules__dataman
[ 28%] Built target modules__ekf2
[ 32%] Built target lib__ecl
[ 32%] Built target lib__external_lgpl
[ 35%] Built target modules__land_detector
[ 37%] Built target modules__uORB
[ 37%] Built target modules__mc_att_control
[ 38%] Built target modules__mc_pos_control
[ 41%] Built target modules__mavlink
[ 42%] Built target modules__param
[ 45%] Built target modules__navigator
[ 45%] Built target modules__position_estimator_inav
[ 46%] Built target modules__replay
[ 48%] Built target modules__local_position_estimator
[ 48%] Built target modules__sdlog2
[ 50%] Built target modules__sensors
[ 51%] Built target modules__simulator
[ 55%] Built target modules__systemlib
[ 56%] Built target modules__systemlib__mixer
[ 57%] Built target modules__vtol_att_control
[ 58%] Built target lib__controllib
[ 59%] Built target lib__conversion
[ 59%] Built target lib__DriverFramework__framework
[ 60%] Built target lib__geo
[ 60%] Built target lib__geo_lookup
[ 61%] Built target lib__launchdetection
[ 61%] Built target lib__mathlib
[ 62%] Built target lib__mathlib__math__filter
[ 63%] Built target lib__rc
[ 64%] Built target lib__runway_takeoff
[ 64%] Built target lib__tailsitter_recovery
[ 64%] Built target lib__terrain_estimation
[ 64%] Built target examples__px4_simple_app
[ 65%] Built target examples__mc_att_control_multiplatform
[ 67%] Built target examples__mc_pos_control_multiplatform
[ 68%] Built target examples__ekf_att_pos_estimator
[ 69%] Built target examples__attitude_estimator_ekf
[ 69%] Built target drivers__sf0x__sf0x_tests
[ 69%] Built target lib__rc__rc_tests
[ 70%] Built target modules__controllib_test
[ 71%] Built target modules__commander__commander_tests
[ 72%] Built target modules__unit_test
[ 72%] Built target modules__uORB__uORB_tests
[ 72%] Built target drivers__boards__sitl
[ 79%] Built target systemcmds__tests
[ 81%] Built target drivers__device
[ 82%] Built target drivers__gps
[ 84%] Built target drivers__pwm_out_sim
[ 86%] Built target drivers__vmount
[ 86%] Built target platforms__posix__drivers__accelsim
[ 87%] Built target platforms__posix__drivers__adcsim
[ 88%] Built target platforms__posix__drivers__airspeedsim
[ 88%] Built target platforms__posix__drivers__barosim
[ 88%] Built target platforms__posix__drivers__gpssim
[ 89%] Built target platforms__posix__drivers__gyrosim
[ 90%] Built target platforms__posix__drivers__rgbledsim
[ 90%] Built target platforms__posix__drivers__ledsim
[ 90%] Built target platforms__posix__drivers__tonealrmsim
[ 91%] Built target platforms__posix__px4_layer
[ 92%] Built target systemcmds__esc_calib
[ 95%] Built target platforms__posix__work_queue
[ 95%] Built target systemcmds__mixer
[ 95%] Built target systemcmds__param
[ 96%] Built target systemcmds__perf
[ 96%] Built target systemcmds__reboot
[ 96%] Built target systemcmds__sd_bench
[ 97%] Built target systemcmds__topic_listener
[ 98%] Built target modules__fw_att_control
[ 98%] Built target modules__fw_pos_control_l1
[ 98%] Built target modules__logger
[100%] Built target px4
